22:02:02.363 [main                     ] DEBUG Logger               - Configured Logger
22:02:02.421 [main                     ] DEBUG GameApplication      - Logging settings
Title: Dead KnightFactory
Version: 0.0
Width: 800
Height: 600
Fullscreen: false
Intro: false
Profiling: false
Single step:false
App Mode: DEVELOPER
Menu Key: ESCAPE
Stage Style: DECORATED
Scene Factory: class com.almasb.fxgl.app.scene.SceneFactory

22:02:03.089 [JavaFX Application Thread] DEBUG FXGLApplication      - Initializing FXGL
22:02:03.098 [JavaFX Application Thread] INFO  Engine               - FXGL-17.3 (30.03.2023 11.49) on WINDOWS (J:17.0.12 FX:17.0.6)
22:02:03.099 [JavaFX Application Thread] DEBUG Engine               - JRE Vendor Name: Oracle Corporation
22:02:03.099 [JavaFX Application Thread] DEBUG Engine               - Running on OS: Windows 11 version 10.0
22:02:03.099 [JavaFX Application Thread] DEBUG Engine               - Architecture: amd64
22:02:03.099 [JavaFX Application Thread] INFO  Engine               - Source code and latest versions at: https://github.com/AlmasB/FXGL
22:02:03.100 [JavaFX Application Thread] INFO  Engine               -       Ask questions and discuss at: https://github.com/AlmasB/FXGL/discussions
22:02:03.100 [JavaFX Application Thread] INFO  Engine               -              Join the FXGL chat at: https://gitter.im/AlmasB/FXGL
22:02:03.287 [JavaFX Application Thread] DEBUG PrimaryStageWindow   - Creating a JavaFX scene
22:02:03.350 [JavaFX Application Thread] DEBUG PrimaryStageWindow   - Target settings size: 800.0 x 600.0
22:02:03.350 [JavaFX Application Thread] DEBUG PrimaryStageWindow   - Scaled scene size:    800.0 x 600.0
22:02:03.351 [JavaFX Application Thread] DEBUG PrimaryStageWindow   - Scaled ratio: (1.0, 1.0)
22:02:03.353 [JavaFX Application Thread] DEBUG PrimaryStageWindow   - Set initial scene to FXGLStartupScene
22:02:03.366 [JavaFX Application Thread] DEBUG PrimaryStageWindow   - Opening main window
22:02:03.529 [JavaFX Application Thread] DEBUG PrimaryStageWindow   - Window border size: (16.0, 39.0)
22:02:03.529 [JavaFX Application Thread] DEBUG PrimaryStageWindow   - Scaled size: 800.0 x 600.0
22:02:03.530 [JavaFX Application Thread] DEBUG PrimaryStageWindow   - Scaled ratio: (1.0, 1.0)
22:02:03.530 [JavaFX Application Thread] DEBUG PrimaryStageWindow   - Scene size: 800.0 x 600.0
22:02:03.530 [JavaFX Application Thread] DEBUG PrimaryStageWindow   - Stage size: 816.0 x 639.0
22:02:03.546 [FXGL Background Thread 1 ] DEBUG Engine               - Initializing environment variables
22:02:03.643 [FXGL Background Thread 1 ] DEBUG FXGLAssetLoaderServi - User app class for loading assets: class org.example.deadknight.DeadKnightApp
22:02:03.644 [FXGL Background Thread 1 ] DEBUG GameApplicationServi - Applying CSS: fxgl_dark.css
22:02:03.646 [FXGL Background Thread 1 ] DEBUG FXGLAssetLoaderServi - Loading from file system: jar:file:/C:/Users/W-11/.gradle/caches/modules-2/files-2.1/com.github.almasb/fxgl/17.3/614d2b2607c97fe7b539dfa75036066a8010f74b/fxgl-17.3.jar!/fxglassets/ui/css/fxgl_dark.css
22:02:03.728 [FXGL Background Thread 1 ] DEBUG GameApplicationServi - Initializing application scenes
22:02:03.823 [FXGL Background Thread 1 ] DEBUG GameWorld            - Game world initialized
22:02:03.974 [FXGL Background Thread 1 ] DEBUG PhysicsWorld         - Physics world initialized: appHeight=600, physics.ppm=50,0
22:02:03.975 [FXGL Background Thread 1 ] DEBUG PhysicsWorld         - Using strategy: BRUTE_FORCE
22:02:03.984 [FXGL Background Thread 1 ] DEBUG GameScene            - Game scene initialized: 800x600
22:02:04.010 [FXGL Background Thread 1 ] DEBUG FXGL.DefaultMenu     - createMenuBodyGameMenu()
22:02:04.041 [FXGL Background Thread 1 ] DEBUG FXGL.DefaultMenu     - createOptionsMenu()
22:02:04.062 [FXGL Background Thread 1 ] DEBUG FXGLAssetLoaderServi - Loading from file system: jar:file:/C:/Users/W-11/.gradle/caches/modules-2/files-2.1/com.github.almasb/fxgl/17.3/614d2b2607c97fe7b539dfa75036066a8010f74b/fxgl-17.3.jar!/fxglassets/textures/particles/smoke.png
22:02:04.240 [FXGL Background Thread 1 ] DEBUG FXGLAssetLoaderServi - Loading from file system: jar:file:/C:/Users/W-11/.gradle/caches/modules-2/files-2.1/com.github.almasb/fxgl/17.3/614d2b2607c97fe7b539dfa75036066a8010f74b/fxgl-17.3.jar!/fxglassets/textures/particles/trace_horizontal.png
22:02:04.279 [FXGL Background Thread 1 ] DEBUG GameApplicationServi - Application scenes initialized
22:02:04.306 [FXGL Background Thread 1 ] DEBUG SystemBundleService  - Loading FXGL system data
22:02:04.313 [FXGL Background Thread 1 ] DEBUG FileSystemAccess     - Reading from: C:\Users\W-11\IdeaProjects\deadknight\system\fxgl.bundle
22:02:04.327 [FXGL Background Thread 1 ] DEBUG SystemBundleService  - Bundle FXGL: {}
22:02:04.327 [FXGL Background Thread 1 ] DEBUG UpdaterService       - Checking for updates
22:02:04.340 [FXGL Background Thread 4 ] DEBUG FXGLApplication      - Loading fonts
22:02:04.341 [FXGL Background Thread 4 ] DEBUG FXGLAssetLoaderServi - Loading from file system: jar:file:/C:/Users/W-11/.gradle/caches/modules-2/files-2.1/com.github.almasb/fxgl/17.3/614d2b2607c97fe7b539dfa75036066a8010f74b/fxgl-17.3.jar!/fxglassets/ui/fonts/VarelaRound-Regular.ttf
22:02:04.343 [FXGL Background Thread 1 ] DEBUG FXGLApplication      - Loading default localization
22:02:04.346 [FXGL Background Thread 1 ] DEBUG FXGLAssetLoaderServi - Loading from file system: jar:file:/C:/Users/W-11/.gradle/caches/modules-2/files-2.1/com.github.almasb/fxgl/17.3/614d2b2607c97fe7b539dfa75036066a8010f74b/fxgl-17.3.jar!/fxglassets/languages/english.lang
22:02:04.419 [FXGL Background Thread 1 ] INFO  FXGLApplication      - FXGL initialization took: 0,873 sec
22:02:04.440 [JavaFX Application Thread] DEBUG Input                - Registered new binding: Move DOWN - S
22:02:04.441 [JavaFX Application Thread] DEBUG Input                - Registered new binding: Move UP - W
22:02:04.441 [JavaFX Application Thread] DEBUG Input                - Registered new binding: Move LEFT - A
22:02:04.441 [JavaFX Application Thread] DEBUG Input                - Registered new binding: Move RIGHT - D
22:02:04.441 [JavaFX Application Thread] DEBUG Input                - Registered new binding: Shoot Wave - Space
22:02:04.442 [JavaFX Application Thread] DEBUG FXGLAssetLoaderServi - Loading from file system: jar:file:/C:/Users/W-11/.gradle/caches/modules-2/files-2.1/com.github.almasb/fxgl/17.3/614d2b2607c97fe7b539dfa75036066a8010f74b/fxgl-17.3.jar!/fxglassets/textures/fxgl_icon.png
22:02:04.479 [FXGL Background Thread 4 ] DEBUG FXGLAssetLoaderServi - Loading from file system: jar:file:/C:/Users/W-11/.gradle/caches/modules-2/files-2.1/com.github.almasb/fxgl/17.3/614d2b2607c97fe7b539dfa75036066a8010f74b/fxgl-17.3.jar!/fxglassets/ui/fonts/Abel-Regular.ttf
22:02:04.485 [FXGL Background Thread 4 ] DEBUG FXGLAssetLoaderServi - Loading from file system: jar:file:/C:/Users/W-11/.gradle/caches/modules-2/files-2.1/com.github.almasb/fxgl/17.3/614d2b2607c97fe7b539dfa75036066a8010f74b/fxgl-17.3.jar!/fxglassets/ui/fonts/TerminalLandMono-Regular.otf
22:02:04.486 [JavaFX Application Thread] DEBUG FXGLAssetLoaderServi - Loading from file system: jar:file:/C:/Users/W-11/.gradle/caches/modules-2/files-2.1/com.github.almasb/fxgl/17.3/614d2b2607c97fe7b539dfa75036066a8010f74b/fxgl-17.3.jar!/fxglassets/textures/fxgl_default_cursor.png
22:02:04.491 [JavaFX Application Thread] DEBUG Input                - Registered new binding: Screenshot - CTRL+8
22:02:04.492 [JavaFX Application Thread] DEBUG Input                - Registered new binding: System info dump - CTRL+9
22:02:04.492 [FXGL Background Thread 4 ] DEBUG FXGLAssetLoaderServi - Loading from file system: jar:file:/C:/Users/W-11/.gradle/caches/modules-2/files-2.1/com.github.almasb/fxgl/17.3/614d2b2607c97fe7b539dfa75036066a8010f74b/fxgl-17.3.jar!/fxglassets/ui/fonts/Courier-Prime.ttf
22:02:04.493 [JavaFX Application Thread] DEBUG Input                - Registered new binding: Restart - CTRL+R
22:02:04.495 [JavaFX Application Thread] DEBUG Input                - Registered new binding: Toggle Debug Camera - CTRL+7
22:02:04.503 [JavaFX Application Thread] DEBUG LoopRunner           - Starting loop
22:02:04.504 [JavaFX Application Thread] DEBUG LoopRunner           - Initializing JavaFX AnimationTimerLoop
22:02:04.508 [JavaFX Application Thread] DEBUG GameApplicationServi - Starting new game
22:02:04.509 [JavaFX Application Thread] DEBUG Input                - Clearing active input actions
22:02:04.528 [JavaFX Application Thread] DEBUG GameApplicationServi - Removing overlay from FXGLStartupScene and adding to FXGLLoadingScene
22:02:04.529 [JavaFX Application Thread] DEBUG PrimaryStageWindow   - FXGLStartupScene -> FXGLLoadingScene
22:02:04.529 [JavaFX Application Thread] DEBUG GameApplicationServi - Clearing previous game
22:02:04.529 [JavaFX Application Thread] DEBUG GameScene            - Clearing game scene
22:02:04.529 [JavaFX Application Thread] DEBUG GameWorld            - Clearing game world
22:02:04.530 [JavaFX Application Thread] DEBUG PhysicsWorld         - Clearing physics world
22:02:04.534 [JavaFX Application Thread] DEBUG FXGLApplication      - Registering font factories with UI factory
22:02:04.534 [FXGL Background Thread 4 ] DEBUG FXGLApplication      - Initializing game
22:02:04.548 [FXGL Background Thread 4 ] DEBUG FXGLAssetLoaderServi - Loading from file system: file:/C:/Users/W-11/IdeaProjects/deadknight/build/resources/main/assets/textures/knight_left-1.png
22:02:04.634 [FXGL Background Thread 4 ] DEBUG FXGLAssetLoaderServi - Loading from file system: file:/C:/Users/W-11/IdeaProjects/deadknight/build/resources/main/assets/textures/knight_left-2.png
22:02:04.672 [FXGL Background Thread 4 ] DEBUG FXGLAssetLoaderServi - Loading from file system: file:/C:/Users/W-11/IdeaProjects/deadknight/build/resources/main/assets/textures/knight_left-3.png
22:02:04.731 [FXGL Background Thread 4 ] DEBUG FXGLAssetLoaderServi - Loading from file system: file:/C:/Users/W-11/IdeaProjects/deadknight/build/resources/main/assets/textures/knight_left-4.png
22:02:04.834 [FXGL Background Thread 4 ] DEBUG FXGLAssetLoaderServi - Loading from file system: file:/C:/Users/W-11/IdeaProjects/deadknight/build/resources/main/assets/textures/knight_left-5.png
22:02:04.876 [FXGL Background Thread 4 ] DEBUG FXGLAssetLoaderServi - Loading from file system: file:/C:/Users/W-11/IdeaProjects/deadknight/build/resources/main/assets/textures/spikes.png
22:02:04.929 [FXGL Background Thread 4 ] INFO  FXGLApplication      - Game initialization took: 0,395 sec
22:02:04.931 [JavaFX Application Thread] DEBUG Input                - Clearing active input actions
22:02:04.943 [JavaFX Application Thread] DEBUG GameApplicationServi - Removing overlay from FXGLLoadingScene and adding to GameScene
22:02:04.943 [JavaFX Application Thread] DEBUG PrimaryStageWindow   - FXGLLoadingScene -> GameScene
22:02:05.923 [JavaFX Application Thread] DEBUG FXGLAssetLoaderServi - Loading from file system: file:/C:/Users/W-11/IdeaProjects/deadknight/build/resources/main/assets/textures/wave.png
22:02:06.092 [JavaFX Application Thread] DEBUG LoopRunner           - Stopping loop
22:02:06.100 [JavaFX Application Thread] FATAL FXGLApplication      - Uncaught Exception:
java.lang.NullPointerException: Cannot invoke "com.almasb.fxgl.entity.Entity.isColliding(com.almasb.fxgl.entity.Entity)" because "e" is null
	at org.example.deadknight.components.WaveComponent.lambda$onUpdate$0(WaveComponent.java:30)
	at java.base/java.util.stream.ReferencePipeline$2$1.accept(ReferencePipeline.java:178)
	at java.base/java.util.ArrayList$ArrayListSpliterator.forEachRemaining(ArrayList.java:1625)
	at java.base/java.util.stream.AbstractPipeline.copyInto(AbstractPipeline.java:509)
	at java.base/java.util.stream.AbstractPipeline.wrapAndCopyInto(AbstractPipeline.java:499)
	at java.base/java.util.stream.ForEachOps$ForEachOp.evaluateSequential(ForEachOps.java:150)
	at java.base/java.util.stream.ForEachOps$ForEachOp$OfRef.evaluateSequential(ForEachOps.java:173)
	at java.base/java.util.stream.AbstractPipeline.evaluate(AbstractPipeline.java:234)
	at java.base/java.util.stream.ReferencePipeline.forEach(ReferencePipeline.java:596)
	at org.example.deadknight.components.WaveComponent.onUpdate(WaveComponent.java:31)
	at com.almasb.fxgl.entity.Entity$ComponentMap.update(Entity.java:60)
	at com.almasb.fxgl.entity.Entity.update(Entity.java:248)
	at com.almasb.fxgl.entity.GameWorld.onUpdate(GameWorld.kt:177)
	at com.almasb.fxgl.app.scene.GameScene.step(GameScene.kt:228)
	at com.almasb.fxgl.app.scene.GameScene.onUpdate(GameScene.kt:224)
	at com.almasb.fxgl.scene.Scene.update(Scene.kt:105)
	at com.almasb.fxgl.app.MainWindow$update$1.invoke(MainWindow.kt:115)
	at com.almasb.fxgl.app.MainWindow$update$1.invoke(MainWindow.kt:115)
	at com.almasb.fxgl.core.fsm.StateMachine.runOnActiveStates(StateMachine.kt:69)
	at com.almasb.fxgl.app.MainWindow.update(MainWindow.kt:115)
	at com.almasb.fxgl.app.FXGLApplication$GameApplicationService.onUpdate(FXGLApplication.kt:426)
	at com.almasb.fxgl.app.Engine.loop(Engine.kt:134)
	at com.almasb.fxgl.app.Engine.access$loop(Engine.kt:24)
	at com.almasb.fxgl.app.Engine$loop$1.invoke(Engine.kt:28)
	at com.almasb.fxgl.app.Engine$loop$1.invoke(Engine.kt:28)
	at com.almasb.fxgl.app.LoopRunner.frame(LoopRunner.kt:103)
	at com.almasb.fxgl.app.LoopRunner.access$frame(LoopRunner.kt:23)
	at com.almasb.fxgl.app.LoopRunner$impl$2$1.onTick(LoopRunner.kt:57)
	at com.almasb.fxgl.app.AnimationTimerLoop$timer$1.handle(LoopRunner.kt:137)
	at javafx.animation.AnimationTimer$AnimationTimerReceiver.lambda$handle$0(AnimationTimer.java:58)
	at java.base/java.security.AccessController.doPrivileged(AccessController.java:399)
	at javafx.animation.AnimationTimer$AnimationTimerReceiver.handle(AnimationTimer.java:57)
	at com.sun.scenario.animation.AbstractPrimaryTimer.timePulseImpl(AbstractPrimaryTimer.java:356)
	at com.sun.scenario.animation.AbstractPrimaryTimer$MainLoop.run(AbstractPrimaryTimer.java:266)
	at com.sun.javafx.tk.quantum.QuantumToolkit.pulse(QuantumToolkit.java:571)
	at com.sun.javafx.tk.quantum.QuantumToolkit.pulse(QuantumToolkit.java:555)
	at com.sun.javafx.tk.quantum.QuantumToolkit.pulseFromQueue(QuantumToolkit.java:548)
	at com.sun.javafx.tk.quantum.QuantumToolkit.lambda$runToolkit$11(QuantumToolkit.java:353)
	at com.sun.glass.ui.InvokeLaterDispatcher$Future.run(InvokeLaterDispatcher.java:96)
	at com.sun.glass.ui.win.WinApplication._runLoop(Native Method)
	at com.sun.glass.ui.win.WinApplication.lambda$runLoop$3(WinApplication.java:184)
	at java.base/java.lang.Thread.run(Thread.java:842)

22:02:06.100 [JavaFX Application Thread] FATAL FXGLApplication      - Application will now exit
22:02:06.151 [JavaFX Application Thread] DEBUG PrimaryStageWindow   - Push state: ErrorSubScene
22:02:06.151 [JavaFX Application Thread] DEBUG Input                - Clearing active input actions
22:02:06.166 [JavaFX Application Thread] DEBUG GameApplicationServi - Removing overlay from GameScene and adding to ErrorSubScene
22:02:06.167 [JavaFX Application Thread] DEBUG PrimaryStageWindow   - GameScene -> ErrorSubScene
22:02:06.731 [FXGL Background Thread 2 ] INFO  UpdaterService       - Your current version:  17.3
22:02:06.731 [FXGL Background Thread 2 ] INFO  UpdaterService       - Latest stable version: 21.1
22:02:06.773 [JavaFX Application Thread] DEBUG FXGLApplication      - Exiting FXGL
22:02:06.774 [JavaFX Application Thread] DEBUG Async                - Shutting down background threads
22:02:06.774 [JavaFX Application Thread] DEBUG PrimaryStageWindow   - Closing main window
22:02:06.996 [JavaFX Application Thread] DEBUG Logger               - Closing Logger
