21:56:02.361 [main                     ] DEBUG Logger               - Configured Logger
21:56:02.410 [main                     ] DEBUG GameApplication      - Logging settings
Title: Dead KnightFactory
Version: 0.0
Width: 800
Height: 600
Fullscreen: false
Intro: false
Profiling: false
Single step:false
App Mode: DEVELOPER
Menu Key: ESCAPE
Stage Style: DECORATED
Scene Factory: class com.almasb.fxgl.app.scene.SceneFactory

21:56:02.987 [JavaFX Application Thread] DEBUG FXGLApplication      - Initializing FXGL
21:56:02.997 [JavaFX Application Thread] INFO  Engine               - FXGL-17.3 (30.03.2023 11.49) on WINDOWS (J:17.0.12 FX:17.0.6)
21:56:02.998 [JavaFX Application Thread] DEBUG Engine               - JRE Vendor Name: Oracle Corporation
21:56:02.999 [JavaFX Application Thread] DEBUG Engine               - Running on OS: Windows 11 version 10.0
21:56:02.999 [JavaFX Application Thread] DEBUG Engine               - Architecture: amd64
21:56:02.999 [JavaFX Application Thread] INFO  Engine               - Source code and latest versions at: https://github.com/AlmasB/FXGL
21:56:02.999 [JavaFX Application Thread] INFO  Engine               -       Ask questions and discuss at: https://github.com/AlmasB/FXGL/discussions
21:56:03.000 [JavaFX Application Thread] INFO  Engine               -              Join the FXGL chat at: https://gitter.im/AlmasB/FXGL
21:56:03.191 [JavaFX Application Thread] DEBUG PrimaryStageWindow   - Creating a JavaFX scene
21:56:03.254 [JavaFX Application Thread] DEBUG PrimaryStageWindow   - Target settings size: 800.0 x 600.0
21:56:03.255 [JavaFX Application Thread] DEBUG PrimaryStageWindow   - Scaled scene size:    800.0 x 600.0
21:56:03.255 [JavaFX Application Thread] DEBUG PrimaryStageWindow   - Scaled ratio: (1.0, 1.0)
21:56:03.256 [JavaFX Application Thread] DEBUG PrimaryStageWindow   - Set initial scene to FXGLStartupScene
21:56:03.270 [JavaFX Application Thread] DEBUG PrimaryStageWindow   - Opening main window
21:56:03.459 [JavaFX Application Thread] DEBUG PrimaryStageWindow   - Window border size: (16.0, 39.0)
21:56:03.459 [JavaFX Application Thread] DEBUG PrimaryStageWindow   - Scaled size: 800.0 x 600.0
21:56:03.460 [JavaFX Application Thread] DEBUG PrimaryStageWindow   - Scaled ratio: (1.0, 1.0)
21:56:03.460 [JavaFX Application Thread] DEBUG PrimaryStageWindow   - Scene size: 800.0 x 600.0
21:56:03.461 [JavaFX Application Thread] DEBUG PrimaryStageWindow   - Stage size: 816.0 x 639.0
21:56:03.478 [FXGL Background Thread 1 ] DEBUG Engine               - Initializing environment variables
21:56:03.608 [FXGL Background Thread 1 ] DEBUG FXGLAssetLoaderServi - User app class for loading assets: class org.example.deadknight.DeadKnightApp
21:56:03.609 [FXGL Background Thread 1 ] DEBUG GameApplicationServi - Applying CSS: fxgl_dark.css
21:56:03.612 [FXGL Background Thread 1 ] DEBUG FXGLAssetLoaderServi - Loading from file system: jar:file:/C:/Users/W-11/.gradle/caches/modules-2/files-2.1/com.github.almasb/fxgl/17.3/614d2b2607c97fe7b539dfa75036066a8010f74b/fxgl-17.3.jar!/fxglassets/ui/css/fxgl_dark.css
21:56:03.690 [FXGL Background Thread 1 ] DEBUG GameApplicationServi - Initializing application scenes
21:56:03.813 [FXGL Background Thread 1 ] DEBUG GameWorld            - Game world initialized
21:56:03.916 [FXGL Background Thread 1 ] DEBUG PhysicsWorld         - Physics world initialized: appHeight=600, physics.ppm=50,0
21:56:03.916 [FXGL Background Thread 1 ] DEBUG PhysicsWorld         - Using strategy: BRUTE_FORCE
21:56:03.927 [FXGL Background Thread 1 ] DEBUG GameScene            - Game scene initialized: 800x600
21:56:03.947 [FXGL Background Thread 1 ] DEBUG FXGL.DefaultMenu     - createMenuBodyGameMenu()
21:56:03.972 [FXGL Background Thread 1 ] DEBUG FXGL.DefaultMenu     - createOptionsMenu()
21:56:03.988 [FXGL Background Thread 1 ] DEBUG FXGLAssetLoaderServi - Loading from file system: jar:file:/C:/Users/W-11/.gradle/caches/modules-2/files-2.1/com.github.almasb/fxgl/17.3/614d2b2607c97fe7b539dfa75036066a8010f74b/fxgl-17.3.jar!/fxglassets/textures/particles/smoke.png
21:56:04.162 [FXGL Background Thread 1 ] DEBUG FXGLAssetLoaderServi - Loading from file system: jar:file:/C:/Users/W-11/.gradle/caches/modules-2/files-2.1/com.github.almasb/fxgl/17.3/614d2b2607c97fe7b539dfa75036066a8010f74b/fxgl-17.3.jar!/fxglassets/textures/particles/trace_horizontal.png
21:56:04.217 [FXGL Background Thread 1 ] DEBUG GameApplicationServi - Application scenes initialized
21:56:04.239 [FXGL Background Thread 1 ] DEBUG SystemBundleService  - Loading FXGL system data
21:56:04.247 [FXGL Background Thread 1 ] DEBUG FileSystemAccess     - Reading from: C:\Users\W-11\IdeaProjects\deadknight\system\fxgl.bundle
21:56:04.263 [FXGL Background Thread 1 ] DEBUG SystemBundleService  - Bundle FXGL: {}
21:56:04.264 [FXGL Background Thread 1 ] DEBUG UpdaterService       - Checking for updates
21:56:04.271 [FXGL Background Thread 4 ] DEBUG FXGLApplication      - Loading fonts
21:56:04.272 [FXGL Background Thread 4 ] DEBUG FXGLAssetLoaderServi - Loading from file system: jar:file:/C:/Users/W-11/.gradle/caches/modules-2/files-2.1/com.github.almasb/fxgl/17.3/614d2b2607c97fe7b539dfa75036066a8010f74b/fxgl-17.3.jar!/fxglassets/ui/fonts/VarelaRound-Regular.ttf
21:56:04.273 [FXGL Background Thread 1 ] DEBUG FXGLApplication      - Loading default localization
21:56:04.275 [FXGL Background Thread 1 ] DEBUG FXGLAssetLoaderServi - Loading from file system: jar:file:/C:/Users/W-11/.gradle/caches/modules-2/files-2.1/com.github.almasb/fxgl/17.3/614d2b2607c97fe7b539dfa75036066a8010f74b/fxgl-17.3.jar!/fxglassets/languages/english.lang
21:56:04.348 [FXGL Background Thread 1 ] INFO  FXGLApplication      - FXGL initialization took: 0,871 sec
21:56:04.370 [JavaFX Application Thread] DEBUG Input                - Registered new binding: Move LEFT - A
21:56:04.371 [JavaFX Application Thread] DEBUG Input                - Registered new binding: Move UP - W
21:56:04.371 [JavaFX Application Thread] DEBUG Input                - Registered new binding: Move DOWN - S
21:56:04.372 [JavaFX Application Thread] DEBUG Input                - Registered new binding: Move RIGHT - D
21:56:04.372 [JavaFX Application Thread] DEBUG Input                - Registered new binding: Shoot Wave - Space
21:56:04.373 [JavaFX Application Thread] DEBUG FXGLAssetLoaderServi - Loading from file system: jar:file:/C:/Users/W-11/.gradle/caches/modules-2/files-2.1/com.github.almasb/fxgl/17.3/614d2b2607c97fe7b539dfa75036066a8010f74b/fxgl-17.3.jar!/fxglassets/textures/fxgl_icon.png
21:56:04.406 [FXGL Background Thread 4 ] DEBUG FXGLAssetLoaderServi - Loading from file system: jar:file:/C:/Users/W-11/.gradle/caches/modules-2/files-2.1/com.github.almasb/fxgl/17.3/614d2b2607c97fe7b539dfa75036066a8010f74b/fxgl-17.3.jar!/fxglassets/ui/fonts/Abel-Regular.ttf
21:56:04.413 [FXGL Background Thread 4 ] DEBUG FXGLAssetLoaderServi - Loading from file system: jar:file:/C:/Users/W-11/.gradle/caches/modules-2/files-2.1/com.github.almasb/fxgl/17.3/614d2b2607c97fe7b539dfa75036066a8010f74b/fxgl-17.3.jar!/fxglassets/ui/fonts/TerminalLandMono-Regular.otf
21:56:04.413 [JavaFX Application Thread] DEBUG FXGLAssetLoaderServi - Loading from file system: jar:file:/C:/Users/W-11/.gradle/caches/modules-2/files-2.1/com.github.almasb/fxgl/17.3/614d2b2607c97fe7b539dfa75036066a8010f74b/fxgl-17.3.jar!/fxglassets/textures/fxgl_default_cursor.png
21:56:04.420 [FXGL Background Thread 4 ] DEBUG FXGLAssetLoaderServi - Loading from file system: jar:file:/C:/Users/W-11/.gradle/caches/modules-2/files-2.1/com.github.almasb/fxgl/17.3/614d2b2607c97fe7b539dfa75036066a8010f74b/fxgl-17.3.jar!/fxglassets/ui/fonts/Courier-Prime.ttf
21:56:04.423 [JavaFX Application Thread] DEBUG Input                - Registered new binding: Screenshot - CTRL+8
21:56:04.424 [JavaFX Application Thread] DEBUG Input                - Registered new binding: System info dump - CTRL+9
21:56:04.425 [JavaFX Application Thread] DEBUG Input                - Registered new binding: Restart - CTRL+R
21:56:04.427 [JavaFX Application Thread] DEBUG Input                - Registered new binding: Toggle Debug Camera - CTRL+7
21:56:04.435 [JavaFX Application Thread] DEBUG LoopRunner           - Starting loop
21:56:04.436 [JavaFX Application Thread] DEBUG LoopRunner           - Initializing JavaFX AnimationTimerLoop
21:56:04.443 [JavaFX Application Thread] DEBUG GameApplicationServi - Starting new game
21:56:04.444 [JavaFX Application Thread] DEBUG Input                - Clearing active input actions
21:56:04.466 [JavaFX Application Thread] DEBUG GameApplicationServi - Removing overlay from FXGLStartupScene and adding to FXGLLoadingScene
21:56:04.466 [JavaFX Application Thread] DEBUG PrimaryStageWindow   - FXGLStartupScene -> FXGLLoadingScene
21:56:04.466 [JavaFX Application Thread] DEBUG GameApplicationServi - Clearing previous game
21:56:04.467 [JavaFX Application Thread] DEBUG GameScene            - Clearing game scene
21:56:04.467 [JavaFX Application Thread] DEBUG GameWorld            - Clearing game world
21:56:04.467 [JavaFX Application Thread] DEBUG PhysicsWorld         - Clearing physics world
21:56:04.469 [JavaFX Application Thread] DEBUG FXGLApplication      - Registering font factories with UI factory
21:56:04.469 [FXGL Background Thread 4 ] DEBUG FXGLApplication      - Initializing game
21:56:04.480 [FXGL Background Thread 4 ] DEBUG FXGLAssetLoaderServi - Loading from file system: file:/C:/Users/W-11/IdeaProjects/deadknight/build/resources/main/assets/textures/knight_left-1.png
21:56:04.569 [FXGL Background Thread 4 ] DEBUG FXGLAssetLoaderServi - Loading from file system: file:/C:/Users/W-11/IdeaProjects/deadknight/build/resources/main/assets/textures/knight_left-2.png
21:56:04.607 [FXGL Background Thread 4 ] DEBUG FXGLAssetLoaderServi - Loading from file system: file:/C:/Users/W-11/IdeaProjects/deadknight/build/resources/main/assets/textures/knight_left-3.png
21:56:04.742 [FXGL Background Thread 4 ] DEBUG FXGLAssetLoaderServi - Loading from file system: file:/C:/Users/W-11/IdeaProjects/deadknight/build/resources/main/assets/textures/knight_left-4.png
21:56:04.775 [FXGL Background Thread 4 ] DEBUG FXGLAssetLoaderServi - Loading from file system: file:/C:/Users/W-11/IdeaProjects/deadknight/build/resources/main/assets/textures/knight_left-5.png
21:56:04.818 [FXGL Background Thread 4 ] DEBUG FXGLAssetLoaderServi - Loading from file system: file:/C:/Users/W-11/IdeaProjects/deadknight/build/resources/main/assets/textures/spikes.png
21:56:04.865 [FXGL Background Thread 4 ] INFO  FXGLApplication      - Game initialization took: 0,395 sec
21:56:04.866 [JavaFX Application Thread] DEBUG Input                - Clearing active input actions
21:56:04.881 [JavaFX Application Thread] DEBUG GameApplicationServi - Removing overlay from FXGLLoadingScene and adding to GameScene
21:56:04.881 [JavaFX Application Thread] DEBUG PrimaryStageWindow   - FXGLLoadingScene -> GameScene
21:56:05.729 [JavaFX Application Thread] DEBUG FXGLAssetLoaderServi - Loading from file system: file:/C:/Users/W-11/IdeaProjects/deadknight/build/resources/main/assets/textures/wave.png
21:56:05.780 [JavaFX Application Thread] DEBUG LoopRunner           - Stopping loop
21:56:05.787 [JavaFX Application Thread] FATAL FXGLApplication      - Uncaught Exception:
java.lang.IllegalArgumentException: Property canTakeDamage does not exist
	at com.almasb.fxgl.core.collection.PropertyMap.get(PropertyMap.kt:279)
	at com.almasb.fxgl.core.collection.PropertyMap.booleanProperty(PropertyMap.kt:170)
	at com.almasb.fxgl.core.collection.PropertyMap.getBoolean(PropertyMap.kt:160)
	at org.example.deadknight.components.WaveComponent.lambda$onUpdate$1(WaveComponent.java:31)
	at java.base/java.util.stream.ReferencePipeline$2$1.accept(ReferencePipeline.java:178)
	at java.base/java.util.stream.ReferencePipeline$2$1.accept(ReferencePipeline.java:179)
	at java.base/java.util.ArrayList$ArrayListSpliterator.forEachRemaining(ArrayList.java:1625)
	at java.base/java.util.stream.AbstractPipeline.copyInto(AbstractPipeline.java:509)
	at java.base/java.util.stream.AbstractPipeline.wrapAndCopyInto(AbstractPipeline.java:499)
	at java.base/java.util.stream.ForEachOps$ForEachOp.evaluateSequential(ForEachOps.java:150)
	at java.base/java.util.stream.ForEachOps$ForEachOp$OfRef.evaluateSequential(ForEachOps.java:173)
	at java.base/java.util.stream.AbstractPipeline.evaluate(AbstractPipeline.java:234)
	at java.base/java.util.stream.ReferencePipeline.forEach(ReferencePipeline.java:596)
	at org.example.deadknight.components.WaveComponent.onUpdate(WaveComponent.java:32)
	at com.almasb.fxgl.entity.Entity$ComponentMap.update(Entity.java:60)
	at com.almasb.fxgl.entity.Entity.update(Entity.java:248)
	at com.almasb.fxgl.entity.GameWorld.onUpdate(GameWorld.kt:177)
	at com.almasb.fxgl.app.scene.GameScene.step(GameScene.kt:228)
	at com.almasb.fxgl.app.scene.GameScene.onUpdate(GameScene.kt:224)
	at com.almasb.fxgl.scene.Scene.update(Scene.kt:105)
	at com.almasb.fxgl.app.MainWindow$update$1.invoke(MainWindow.kt:115)
	at com.almasb.fxgl.app.MainWindow$update$1.invoke(MainWindow.kt:115)
	at com.almasb.fxgl.core.fsm.StateMachine.runOnActiveStates(StateMachine.kt:69)
	at com.almasb.fxgl.app.MainWindow.update(MainWindow.kt:115)
	at com.almasb.fxgl.app.FXGLApplication$GameApplicationService.onUpdate(FXGLApplication.kt:426)
	at com.almasb.fxgl.app.Engine.loop(Engine.kt:134)
	at com.almasb.fxgl.app.Engine.access$loop(Engine.kt:24)
	at com.almasb.fxgl.app.Engine$loop$1.invoke(Engine.kt:28)
	at com.almasb.fxgl.app.Engine$loop$1.invoke(Engine.kt:28)
	at com.almasb.fxgl.app.LoopRunner.frame(LoopRunner.kt:103)
	at com.almasb.fxgl.app.LoopRunner.access$frame(LoopRunner.kt:23)
	at com.almasb.fxgl.app.LoopRunner$impl$2$1.onTick(LoopRunner.kt:57)
	at com.almasb.fxgl.app.AnimationTimerLoop$timer$1.handle(LoopRunner.kt:137)
	at javafx.animation.AnimationTimer$AnimationTimerReceiver.lambda$handle$0(AnimationTimer.java:58)
	at java.base/java.security.AccessController.doPrivileged(AccessController.java:399)
	at javafx.animation.AnimationTimer$AnimationTimerReceiver.handle(AnimationTimer.java:57)
	at com.sun.scenario.animation.AbstractPrimaryTimer.timePulseImpl(AbstractPrimaryTimer.java:356)
	at com.sun.scenario.animation.AbstractPrimaryTimer$MainLoop.run(AbstractPrimaryTimer.java:266)
	at com.sun.javafx.tk.quantum.QuantumToolkit.pulse(QuantumToolkit.java:571)
	at com.sun.javafx.tk.quantum.QuantumToolkit.pulse(QuantumToolkit.java:555)
	at com.sun.javafx.tk.quantum.QuantumToolkit.pulseFromQueue(QuantumToolkit.java:548)
	at com.sun.javafx.tk.quantum.QuantumToolkit.lambda$runToolkit$11(QuantumToolkit.java:353)
	at com.sun.glass.ui.InvokeLaterDispatcher$Future.run(InvokeLaterDispatcher.java:96)
	at com.sun.glass.ui.win.WinApplication._runLoop(Native Method)
	at com.sun.glass.ui.win.WinApplication.lambda$runLoop$3(WinApplication.java:184)
	at java.base/java.lang.Thread.run(Thread.java:842)

21:56:05.789 [JavaFX Application Thread] FATAL FXGLApplication      - Application will now exit
21:56:05.820 [JavaFX Application Thread] DEBUG PrimaryStageWindow   - Push state: ErrorSubScene
21:56:05.820 [JavaFX Application Thread] DEBUG Input                - Clearing active input actions
21:56:05.844 [JavaFX Application Thread] DEBUG GameApplicationServi - Removing overlay from GameScene and adding to ErrorSubScene
21:56:05.845 [JavaFX Application Thread] DEBUG PrimaryStageWindow   - GameScene -> ErrorSubScene
21:56:06.432 [FXGL Background Thread 2 ] INFO  UpdaterService       - Your current version:  17.3
21:56:06.433 [FXGL Background Thread 2 ] INFO  UpdaterService       - Latest stable version: 21.1
21:56:06.471 [JavaFX Application Thread] DEBUG FXGLApplication      - Exiting FXGL
21:56:06.472 [JavaFX Application Thread] DEBUG Async                - Shutting down background threads
21:56:06.472 [JavaFX Application Thread] DEBUG PrimaryStageWindow   - Closing main window
21:56:06.665 [JavaFX Application Thread] DEBUG Logger               - Closing Logger
