21:44:15.265 [main                     ] DEBUG Logger               - Configured Logger
21:44:15.301 [main                     ] DEBUG GameApplication      - Logging settings
Title: Dead KnightFactory
Version: 0.0
Width: 800
Height: 600
Fullscreen: false
Intro: false
Profiling: false
Single step:false
App Mode: DEVELOPER
Menu Key: ESCAPE
Stage Style: DECORATED
Scene Factory: class com.almasb.fxgl.app.scene.SceneFactory

21:44:15.889 [JavaFX Application Thread] DEBUG FXGLApplication      - Initializing FXGL
21:44:15.898 [JavaFX Application Thread] INFO  Engine               - FXGL-17.3 (30.03.2023 11.49) on WINDOWS (J:17.0.12 FX:17.0.6)
21:44:15.900 [JavaFX Application Thread] DEBUG Engine               - JRE Vendor Name: Oracle Corporation
21:44:15.900 [JavaFX Application Thread] DEBUG Engine               - Running on OS: Windows 11 version 10.0
21:44:15.900 [JavaFX Application Thread] DEBUG Engine               - Architecture: amd64
21:44:15.900 [JavaFX Application Thread] INFO  Engine               - Source code and latest versions at: https://github.com/AlmasB/FXGL
21:44:15.901 [JavaFX Application Thread] INFO  Engine               -       Ask questions and discuss at: https://github.com/AlmasB/FXGL/discussions
21:44:15.901 [JavaFX Application Thread] INFO  Engine               -              Join the FXGL chat at: https://gitter.im/AlmasB/FXGL
21:44:16.138 [JavaFX Application Thread] DEBUG PrimaryStageWindow   - Creating a JavaFX scene
21:44:16.202 [JavaFX Application Thread] DEBUG PrimaryStageWindow   - Target settings size: 800.0 x 600.0
21:44:16.202 [JavaFX Application Thread] DEBUG PrimaryStageWindow   - Scaled scene size:    800.0 x 600.0
21:44:16.202 [JavaFX Application Thread] DEBUG PrimaryStageWindow   - Scaled ratio: (1.0, 1.0)
21:44:16.204 [JavaFX Application Thread] DEBUG PrimaryStageWindow   - Set initial scene to FXGLStartupScene
21:44:16.223 [JavaFX Application Thread] DEBUG PrimaryStageWindow   - Opening main window
21:44:16.363 [JavaFX Application Thread] DEBUG PrimaryStageWindow   - Window border size: (16.0, 39.0)
21:44:16.363 [JavaFX Application Thread] DEBUG PrimaryStageWindow   - Scaled size: 800.0 x 600.0
21:44:16.364 [JavaFX Application Thread] DEBUG PrimaryStageWindow   - Scaled ratio: (1.0, 1.0)
21:44:16.364 [JavaFX Application Thread] DEBUG PrimaryStageWindow   - Scene size: 800.0 x 600.0
21:44:16.366 [JavaFX Application Thread] DEBUG PrimaryStageWindow   - Stage size: 816.0 x 639.0
21:44:16.383 [FXGL Background Thread 1 ] DEBUG Engine               - Initializing environment variables
21:44:16.470 [FXGL Background Thread 1 ] DEBUG FXGLAssetLoaderServi - User app class for loading assets: class org.example.deadknight.DeadKnightApp
21:44:16.471 [FXGL Background Thread 1 ] DEBUG GameApplicationServi - Applying CSS: fxgl_dark.css
21:44:16.474 [FXGL Background Thread 1 ] DEBUG FXGLAssetLoaderServi - Loading from file system: jar:file:/C:/Users/W-11/.gradle/caches/modules-2/files-2.1/com.github.almasb/fxgl/17.3/614d2b2607c97fe7b539dfa75036066a8010f74b/fxgl-17.3.jar!/fxglassets/ui/css/fxgl_dark.css
21:44:16.560 [FXGL Background Thread 1 ] DEBUG GameApplicationServi - Initializing application scenes
21:44:16.639 [FXGL Background Thread 1 ] DEBUG GameWorld            - Game world initialized
21:44:16.751 [FXGL Background Thread 1 ] DEBUG PhysicsWorld         - Physics world initialized: appHeight=600, physics.ppm=50,0
21:44:16.752 [FXGL Background Thread 1 ] DEBUG PhysicsWorld         - Using strategy: BRUTE_FORCE
21:44:16.759 [FXGL Background Thread 1 ] DEBUG GameScene            - Game scene initialized: 800x600
21:44:16.782 [FXGL Background Thread 1 ] DEBUG FXGL.DefaultMenu     - createMenuBodyGameMenu()
21:44:16.808 [FXGL Background Thread 1 ] DEBUG FXGL.DefaultMenu     - createOptionsMenu()
21:44:16.824 [FXGL Background Thread 1 ] DEBUG FXGLAssetLoaderServi - Loading from file system: jar:file:/C:/Users/W-11/.gradle/caches/modules-2/files-2.1/com.github.almasb/fxgl/17.3/614d2b2607c97fe7b539dfa75036066a8010f74b/fxgl-17.3.jar!/fxglassets/textures/particles/smoke.png
21:44:17.011 [FXGL Background Thread 1 ] DEBUG FXGLAssetLoaderServi - Loading from file system: jar:file:/C:/Users/W-11/.gradle/caches/modules-2/files-2.1/com.github.almasb/fxgl/17.3/614d2b2607c97fe7b539dfa75036066a8010f74b/fxgl-17.3.jar!/fxglassets/textures/particles/trace_horizontal.png
21:44:17.068 [FXGL Background Thread 1 ] DEBUG GameApplicationServi - Application scenes initialized
21:44:17.100 [FXGL Background Thread 1 ] DEBUG SystemBundleService  - Loading FXGL system data
21:44:17.106 [FXGL Background Thread 1 ] DEBUG FileSystemAccess     - Reading from: C:\Users\W-11\IdeaProjects\deadknight\system\fxgl.bundle
21:44:17.124 [FXGL Background Thread 1 ] DEBUG SystemBundleService  - Bundle FXGL: {}
21:44:17.124 [FXGL Background Thread 1 ] DEBUG UpdaterService       - Checking for updates
21:44:17.135 [FXGL Background Thread 4 ] DEBUG FXGLApplication      - Loading fonts
21:44:17.136 [FXGL Background Thread 4 ] DEBUG FXGLAssetLoaderServi - Loading from file system: jar:file:/C:/Users/W-11/.gradle/caches/modules-2/files-2.1/com.github.almasb/fxgl/17.3/614d2b2607c97fe7b539dfa75036066a8010f74b/fxgl-17.3.jar!/fxglassets/ui/fonts/VarelaRound-Regular.ttf
21:44:17.142 [FXGL Background Thread 1 ] DEBUG FXGLApplication      - Loading default localization
21:44:17.144 [FXGL Background Thread 1 ] DEBUG FXGLAssetLoaderServi - Loading from file system: jar:file:/C:/Users/W-11/.gradle/caches/modules-2/files-2.1/com.github.almasb/fxgl/17.3/614d2b2607c97fe7b539dfa75036066a8010f74b/fxgl-17.3.jar!/fxglassets/languages/english.lang
21:44:17.219 [FXGL Background Thread 1 ] INFO  FXGLApplication      - FXGL initialization took: 0,836 sec
21:44:17.250 [JavaFX Application Thread] DEBUG Input                - Registered new binding: Move UP - W
21:44:17.251 [JavaFX Application Thread] DEBUG Input                - Registered new binding: Move DOWN - S
21:44:17.251 [JavaFX Application Thread] DEBUG Input                - Registered new binding: Move RIGHT - D
21:44:17.251 [JavaFX Application Thread] DEBUG Input                - Registered new binding: Move LEFT - A
21:44:17.251 [JavaFX Application Thread] DEBUG Input                - Registered new binding: Shoot Wave - Space
21:44:17.252 [JavaFX Application Thread] DEBUG FXGLAssetLoaderServi - Loading from file system: jar:file:/C:/Users/W-11/.gradle/caches/modules-2/files-2.1/com.github.almasb/fxgl/17.3/614d2b2607c97fe7b539dfa75036066a8010f74b/fxgl-17.3.jar!/fxglassets/textures/fxgl_icon.png
21:44:17.288 [JavaFX Application Thread] DEBUG FXGLAssetLoaderServi - Loading from file system: jar:file:/C:/Users/W-11/.gradle/caches/modules-2/files-2.1/com.github.almasb/fxgl/17.3/614d2b2607c97fe7b539dfa75036066a8010f74b/fxgl-17.3.jar!/fxglassets/textures/fxgl_default_cursor.png
21:44:17.290 [FXGL Background Thread 4 ] DEBUG FXGLAssetLoaderServi - Loading from file system: jar:file:/C:/Users/W-11/.gradle/caches/modules-2/files-2.1/com.github.almasb/fxgl/17.3/614d2b2607c97fe7b539dfa75036066a8010f74b/fxgl-17.3.jar!/fxglassets/ui/fonts/Abel-Regular.ttf
21:44:17.293 [JavaFX Application Thread] DEBUG Input                - Registered new binding: Screenshot - CTRL+8
21:44:17.295 [JavaFX Application Thread] DEBUG Input                - Registered new binding: System info dump - CTRL+9
21:44:17.296 [JavaFX Application Thread] DEBUG Input                - Registered new binding: Restart - CTRL+R
21:44:17.297 [FXGL Background Thread 4 ] DEBUG FXGLAssetLoaderServi - Loading from file system: jar:file:/C:/Users/W-11/.gradle/caches/modules-2/files-2.1/com.github.almasb/fxgl/17.3/614d2b2607c97fe7b539dfa75036066a8010f74b/fxgl-17.3.jar!/fxglassets/ui/fonts/TerminalLandMono-Regular.otf
21:44:17.298 [JavaFX Application Thread] DEBUG Input                - Registered new binding: Toggle Debug Camera - CTRL+7
21:44:17.303 [FXGL Background Thread 4 ] DEBUG FXGLAssetLoaderServi - Loading from file system: jar:file:/C:/Users/W-11/.gradle/caches/modules-2/files-2.1/com.github.almasb/fxgl/17.3/614d2b2607c97fe7b539dfa75036066a8010f74b/fxgl-17.3.jar!/fxglassets/ui/fonts/Courier-Prime.ttf
21:44:17.304 [JavaFX Application Thread] DEBUG LoopRunner           - Starting loop
21:44:17.304 [JavaFX Application Thread] DEBUG LoopRunner           - Initializing JavaFX AnimationTimerLoop
21:44:17.308 [JavaFX Application Thread] DEBUG GameApplicationServi - Starting new game
21:44:17.308 [JavaFX Application Thread] DEBUG Input                - Clearing active input actions
21:44:17.327 [JavaFX Application Thread] DEBUG GameApplicationServi - Removing overlay from FXGLStartupScene and adding to FXGLLoadingScene
21:44:17.328 [JavaFX Application Thread] DEBUG PrimaryStageWindow   - FXGLStartupScene -> FXGLLoadingScene
21:44:17.328 [JavaFX Application Thread] DEBUG GameApplicationServi - Clearing previous game
21:44:17.328 [JavaFX Application Thread] DEBUG GameScene            - Clearing game scene
21:44:17.328 [JavaFX Application Thread] DEBUG GameWorld            - Clearing game world
21:44:17.329 [JavaFX Application Thread] DEBUG PhysicsWorld         - Clearing physics world
21:44:17.331 [FXGL Background Thread 4 ] DEBUG FXGLApplication      - Initializing game
21:44:17.343 [FXGL Background Thread 4 ] DEBUG FXGLAssetLoaderServi - Loading from file system: file:/C:/Users/W-11/IdeaProjects/deadknight/build/resources/main/assets/textures/knight_left-1.png
21:44:17.402 [JavaFX Application Thread] DEBUG FXGLApplication      - Registering font factories with UI factory
21:44:17.428 [FXGL Background Thread 4 ] DEBUG FXGLAssetLoaderServi - Loading from file system: file:/C:/Users/W-11/IdeaProjects/deadknight/build/resources/main/assets/textures/knight_left-2.png
21:44:17.480 [FXGL Background Thread 4 ] DEBUG FXGLAssetLoaderServi - Loading from file system: file:/C:/Users/W-11/IdeaProjects/deadknight/build/resources/main/assets/textures/knight_left-3.png
21:44:17.515 [FXGL Background Thread 4 ] DEBUG FXGLAssetLoaderServi - Loading from file system: file:/C:/Users/W-11/IdeaProjects/deadknight/build/resources/main/assets/textures/knight_left-4.png
21:44:17.565 [FXGL Background Thread 4 ] DEBUG FXGLAssetLoaderServi - Loading from file system: file:/C:/Users/W-11/IdeaProjects/deadknight/build/resources/main/assets/textures/knight_left-5.png
21:44:17.618 [FXGL Background Thread 4 ] DEBUG FXGLAssetLoaderServi - Loading from file system: file:/C:/Users/W-11/IdeaProjects/deadknight/build/resources/main/assets/textures/spikes.png
21:44:17.667 [JavaFX Application Thread] DEBUG LoopRunner           - Stopping loop
21:44:17.670 [JavaFX Application Thread] FATAL FXGLApplication      - Uncaught Exception:
java.lang.RuntimeException: Initialization failed
	at com.almasb.fxgl.app.FXGLApplication$InitAppTask.failed(FXGLApplication.kt:343)
	at javafx.concurrent.Task.setState(Task.java:710)
	at javafx.concurrent.Task$TaskCallable.lambda$call$2(Task.java:1456)
	at com.sun.javafx.application.PlatformImpl.lambda$runLater$10(PlatformImpl.java:457)
	at java.base/java.security.AccessController.doPrivileged(AccessController.java:399)
	at com.sun.javafx.application.PlatformImpl.lambda$runLater$11(PlatformImpl.java:456)
	at com.sun.glass.ui.InvokeLaterDispatcher$Future.run(InvokeLaterDispatcher.java:96)
	at com.sun.glass.ui.win.WinApplication._runLoop(Native Method)
	at com.sun.glass.ui.win.WinApplication.lambda$runLoop$3(WinApplication.java:184)
	at java.base/java.lang.Thread.run(Thread.java:842)
Caused by: java.lang.IllegalArgumentException: Action already exists: Move UP
	at com.almasb.fxgl.input.Input.addBinding(Input.kt:511)
	at com.almasb.fxgl.input.Input.addAction(Input.kt:507)
	at com.almasb.fxgl.input.Input.addAction$default(Input.kt:504)
	at com.almasb.fxgl.input.Input.addAction(Input.kt)
	at org.example.deadknight.controllers.WASDController.addKeyAction(WASDController.java:57)
	at org.example.deadknight.controllers.WASDController.lambda$initInput$0(WASDController.java:44)
	at java.base/java.util.Map.forEach(Map.java:713)
	at org.example.deadknight.controllers.WASDController.initInput(WASDController.java:35)
	at org.example.deadknight.controllers.KnightController.initInput(KnightController.java:60)
	at org.example.deadknight.DeadKnightApp.initGame(DeadKnightApp.java:55)
	at com.almasb.fxgl.app.FXGLApplication$InitAppTask.initGame(FXGLApplication.kt:339)
	at com.almasb.fxgl.app.FXGLApplication$InitAppTask.call(FXGLApplication.kt:319)
	at com.almasb.fxgl.app.FXGLApplication$InitAppTask.call(FXGLApplication.kt:311)
	at javafx.concurrent.Task$TaskCallable.call(Task.java:1426)
	at java.base/java.util.concurrent.FutureTask.run(FutureTask.java:264)
	at java.base/java.util.concurrent.Executors$RunnableAdapter.call(Executors.java:539)
	at java.base/java.util.concurrent.FutureTask.run(FutureTask.java:264)
	at java.base/java.util.concurrent.ThreadPoolExecutor.runWorker(ThreadPoolExecutor.java:1136)
	at java.base/java.util.concurrent.ThreadPoolExecutor$Worker.run(ThreadPoolExecutor.java:635)
	... 1 more

21:44:17.670 [JavaFX Application Thread] FATAL FXGLApplication      - Application will now exit
21:44:17.699 [JavaFX Application Thread] DEBUG PrimaryStageWindow   - Push state: ErrorSubScene
21:44:17.699 [JavaFX Application Thread] DEBUG Input                - Clearing active input actions
21:44:17.709 [JavaFX Application Thread] DEBUG GameApplicationServi - Removing overlay from FXGLLoadingScene and adding to ErrorSubScene
21:44:17.710 [JavaFX Application Thread] DEBUG PrimaryStageWindow   - FXGLLoadingScene -> ErrorSubScene
21:44:18.861 [FXGL Background Thread 2 ] INFO  UpdaterService       - Your current version:  17.3
21:44:18.861 [FXGL Background Thread 2 ] INFO  UpdaterService       - Latest stable version: 21.1
21:44:20.130 [FXGL Background Thread 3 ] DEBUG Engine               - Logging environment variables
21:44:20.132 [FXGL Background Thread 3 ] DEBUG Engine               - achievements: []
21:44:20.132 [FXGL Background Thread 3 ] DEBUG Engine               - actualHeight: 600.0
21:44:20.132 [FXGL Background Thread 3 ] DEBUG Engine               - actualHeightProperty: ReadOnlyDoubleProperty [value: 600.0]
21:44:20.132 [FXGL Background Thread 3 ] DEBUG Engine               - actualWidth: 800.0
21:44:20.134 [FXGL Background Thread 3 ] DEBUG Engine               - actualWidthProperty: ReadOnlyDoubleProperty [value: 800.0]
21:44:20.134 [FXGL Background Thread 3 ] DEBUG Engine               - appIcon: fxgl_icon.png
21:44:20.134 [FXGL Background Thread 3 ] DEBUG Engine               - applicationMode: DEVELOPER
21:44:20.134 [FXGL Background Thread 3 ] DEBUG Engine               - cSSList: [fxgl_dark.css]
21:44:20.134 [FXGL Background Thread 3 ] DEBUG Engine               - collisionDetectionStrategy: BRUTE_FORCE
21:44:20.134 [FXGL Background Thread 3 ] DEBUG Engine               - configClass: Optional.empty
21:44:20.134 [FXGL Background Thread 3 ] DEBUG Engine               - credits: []
21:44:20.136 [FXGL Background Thread 3 ] DEBUG Engine               - defaultCursor: CursorInfo(imageName=fxgl_default_cursor.png, hotspotX=7.0, hotspotY=6.0)
21:44:20.136 [FXGL Background Thread 3 ] DEBUG Engine               - devBBoxColorProperty: ObjectProperty [value: 0xff0000ff]
21:44:20.136 [FXGL Background Thread 3 ] DEBUG Engine               - devEnableDebugCameraProperty: BooleanProperty [value: false]
21:44:20.137 [FXGL Background Thread 3 ] DEBUG Engine               - devSensorColorProperty: ObjectProperty [value: 0xffff00ff]
21:44:20.137 [FXGL Background Thread 3 ] DEBUG Engine               - devShowBBoxProperty: BooleanProperty [value: false]
21:44:20.137 [FXGL Background Thread 3 ] DEBUG Engine               - devShowPositionProperty: BooleanProperty [value: false]
21:44:20.137 [FXGL Background Thread 3 ] DEBUG Engine               - enabledMenuItems: []
21:44:20.137 [FXGL Background Thread 3 ] DEBUG Engine               - engineServices: [class com.almasb.fxgl.app.services.FXGLAssetLoaderService, class com.almasb.fxgl.app.FXGLApplication$GameApplicationService, class com.almasb.fxgl.app.services.FXGLDialogService, class com.almasb.fxgl.app.services.IOTaskExecutorService, class com.almasb.fxgl.io.FileSystemService, class com.almasb.fxgl.localization.LocalizationService, class com.almasb.fxgl.app.services.SystemBundleService, class com.almasb.fxgl.profile.SaveLoadService, class com.almasb.fxgl.ui.FXGLUIFactoryServiceProvider, class com.almasb.fxgl.ui.FXGLDialogFactoryServiceProvider, class com.almasb.fxgl.audio.AudioPlayer, class com.almasb.fxgl.notification.impl.NotificationServiceProvider, class com.almasb.fxgl.achievement.AchievementService, class com.almasb.fxgl.cutscene.CutsceneService, class com.almasb.fxgl.minigames.MiniGameService, class com.almasb.fxgl.net.NetService, class com.almasb.fxgl.app.services.UpdaterService, class com.almasb.fxgl.dev.DevService]
21:44:20.137 [FXGL Background Thread 3 ] DEBUG Engine               - fontGame: Abel-Regular.ttf
21:44:20.137 [FXGL Background Thread 3 ] DEBUG Engine               - fontMono: TerminalLandMono-Regular.otf
21:44:20.137 [FXGL Background Thread 3 ] DEBUG Engine               - fontSizeScaleUI: 1.0
21:44:20.137 [FXGL Background Thread 3 ] DEBUG Engine               - fontText: Courier-Prime.ttf
21:44:20.137 [FXGL Background Thread 3 ] DEBUG Engine               - fontUI: VarelaRound-Regular.ttf
21:44:20.137 [FXGL Background Thread 3 ] DEBUG Engine               - fullScreen: BooleanProperty [value: false]
21:44:20.138 [FXGL Background Thread 3 ] DEBUG Engine               - gameDifficulty: MEDIUM
21:44:20.138 [FXGL Background Thread 3 ] DEBUG Engine               - gameDifficultyProperty: ObjectProperty [value: MEDIUM]
21:44:20.138 [FXGL Background Thread 3 ] DEBUG Engine               - globalMusicVolume: 0.5
21:44:20.138 [FXGL Background Thread 3 ] DEBUG Engine               - globalMusicVolumeProperty: DoubleProperty [value: 0.5]
21:44:20.138 [FXGL Background Thread 3 ] DEBUG Engine               - globalSoundVolume: 0.5
21:44:20.138 [FXGL Background Thread 3 ] DEBUG Engine               - globalSoundVolumeProperty: DoubleProperty [value: 0.5]
21:44:20.138 [FXGL Background Thread 3 ] DEBUG Engine               - height: 600
21:44:20.138 [FXGL Background Thread 3 ] DEBUG Engine               - is3D: false
21:44:20.138 [FXGL Background Thread 3 ] DEBUG Engine               - isAndroid: false
21:44:20.138 [FXGL Background Thread 3 ] DEBUG Engine               - isBrowser: false
21:44:20.138 [FXGL Background Thread 3 ] DEBUG Engine               - isClickFeedbackEnabled: false
21:44:20.139 [FXGL Background Thread 3 ] DEBUG Engine               - isCloseConfirmation: false
21:44:20.139 [FXGL Background Thread 3 ] DEBUG Engine               - isDesktop: true
21:44:20.139 [FXGL Background Thread 3 ] DEBUG Engine               - isDeveloperMenuEnabled: false
21:44:20.139 [FXGL Background Thread 3 ] DEBUG Engine               - isEmbedded: false
21:44:20.139 [FXGL Background Thread 3 ] DEBUG Engine               - isEntityPreloadEnabled: true
21:44:20.139 [FXGL Background Thread 3 ] DEBUG Engine               - isExperimentalTiledLargeMap: false
21:44:20.139 [FXGL Background Thread 3 ] DEBUG Engine               - isFileSystemWriteAllowed: true
21:44:20.139 [FXGL Background Thread 3 ] DEBUG Engine               - isFullScreenAllowed: false
21:44:20.139 [FXGL Background Thread 3 ] DEBUG Engine               - isFullScreenFromStart: false
21:44:20.139 [FXGL Background Thread 3 ] DEBUG Engine               - isGameMenuEnabled: true
21:44:20.139 [FXGL Background Thread 3 ] DEBUG Engine               - isIOS: false
21:44:20.140 [FXGL Background Thread 3 ] DEBUG Engine               - isIntroEnabled: false
21:44:20.140 [FXGL Background Thread 3 ] DEBUG Engine               - isLinux: false
21:44:20.140 [FXGL Background Thread 3 ] DEBUG Engine               - isMac: false
21:44:20.140 [FXGL Background Thread 3 ] DEBUG Engine               - isMainMenuEnabled: false
21:44:20.140 [FXGL Background Thread 3 ] DEBUG Engine               - isManualResizeEnabled: false
21:44:20.140 [FXGL Background Thread 3 ] DEBUG Engine               - isMobile: false
21:44:20.140 [FXGL Background Thread 3 ] DEBUG Engine               - isNative: false
21:44:20.140 [FXGL Background Thread 3 ] DEBUG Engine               - isPauseMusicWhenMinimized: true
21:44:20.140 [FXGL Background Thread 3 ] DEBUG Engine               - isPreserveResizeRatio: false
21:44:20.140 [FXGL Background Thread 3 ] DEBUG Engine               - isProfilingEnabled: false
21:44:20.140 [FXGL Background Thread 3 ] DEBUG Engine               - isScaleAffectedOnResize: true
21:44:20.140 [FXGL Background Thread 3 ] DEBUG Engine               - isSingleStep: false
21:44:20.140 [FXGL Background Thread 3 ] DEBUG Engine               - isUserProfileEnabled: false
21:44:20.140 [FXGL Background Thread 3 ] DEBUG Engine               - isWindows: true
21:44:20.140 [FXGL Background Thread 3 ] DEBUG Engine               - language: ObjectProperty [value: ENGLISH]
21:44:20.140 [FXGL Background Thread 3 ] DEBUG Engine               - menuKey: ESCAPE
21:44:20.140 [FXGL Background Thread 3 ] DEBUG Engine               - mouseSensitivity: 0.2
21:44:20.141 [FXGL Background Thread 3 ] DEBUG Engine               - notificationViewClass: class com.almasb.fxgl.notification.view.XboxNotificationView
21:44:20.141 [FXGL Background Thread 3 ] DEBUG Engine               - pixelsPerMeter: 50.0
21:44:20.141 [FXGL Background Thread 3 ] DEBUG Engine               - platform: WINDOWS
21:44:20.141 [FXGL Background Thread 3 ] DEBUG Engine               - prefHeightProperty: ReadOnlyDoubleProperty [value: 600.0]
21:44:20.141 [FXGL Background Thread 3 ] DEBUG Engine               - prefWidthProperty: ReadOnlyDoubleProperty [value: 800.0]
21:44:20.141 [FXGL Background Thread 3 ] DEBUG Engine               - profileDir: profiles/
21:44:20.141 [FXGL Background Thread 3 ] DEBUG Engine               - profileName: StringProperty [value: DEFAULT]
21:44:20.141 [FXGL Background Thread 3 ] DEBUG Engine               - randomSeed: -1
21:44:20.142 [FXGL Background Thread 3 ] DEBUG Engine               - runtimeInfo: RuntimeInfo(platform=WINDOWS, version=17.3, build=30.03.2023 11.49)
21:44:20.142 [FXGL Background Thread 3 ] DEBUG Engine               - saveFileExt: sav
21:44:20.142 [FXGL Background Thread 3 ] DEBUG Engine               - scaledHeightProp$fxgl: DoubleProperty [bound, value: 600.0]
21:44:20.142 [FXGL Background Thread 3 ] DEBUG Engine               - scaledWidthProp$fxgl: DoubleProperty [bound, value: 800.0]
21:44:20.142 [FXGL Background Thread 3 ] DEBUG Engine               - sceneFactory: com.almasb.fxgl.app.scene.SceneFactory@6c3ac59d
21:44:20.142 [FXGL Background Thread 3 ] DEBUG Engine               - secondsIn24h: 60
21:44:20.142 [FXGL Background Thread 3 ] DEBUG Engine               - soundMenuBack: menu/back.wav
21:44:20.142 [FXGL Background Thread 3 ] DEBUG Engine               - soundMenuPress: menu/press.wav
21:44:20.142 [FXGL Background Thread 3 ] DEBUG Engine               - soundMenuSelect: menu/select.wav
21:44:20.142 [FXGL Background Thread 3 ] DEBUG Engine               - soundNotification: core/notification.wav
21:44:20.142 [FXGL Background Thread 3 ] DEBUG Engine               - stageStyle: DECORATED
21:44:20.142 [FXGL Background Thread 3 ] DEBUG Engine               - supportedLanguages: [ENGLISH, FRENCH, GERMAN, HUNGARIAN, RUSSIAN]
21:44:20.142 [FXGL Background Thread 3 ] DEBUG Engine               - ticksPerSecond: -1
21:44:20.142 [FXGL Background Thread 3 ] DEBUG Engine               - title: Dead KnightFactory
21:44:20.142 [FXGL Background Thread 3 ] DEBUG Engine               - urlGithub: https://github.com/AlmasB/FXGL
21:44:20.143 [FXGL Background Thread 3 ] DEBUG Engine               - urlLeaderboard: http://fxgl-top.herokuapp.com/
21:44:20.143 [FXGL Background Thread 3 ] DEBUG Engine               - urlPOM: https://raw.githubusercontent.com/AlmasB/FXGL/release/README.md
21:44:20.143 [FXGL Background Thread 3 ] DEBUG Engine               - userAppClass: class org.example.deadknight.DeadKnightApp
21:44:20.143 [FXGL Background Thread 3 ] DEBUG Engine               - version: 0.0
21:44:20.143 [FXGL Background Thread 3 ] DEBUG Engine               - versionCheckDays: 7
21:44:20.143 [FXGL Background Thread 3 ] DEBUG Engine               - width: 800
21:44:20.143 [FXGL Background Thread 3 ] DEBUG Engine               - Logging services
21:44:20.143 [FXGL Background Thread 3 ] DEBUG Engine               - class com.almasb.fxgl.app.services.FXGLAssetLoaderService
21:44:20.143 [FXGL Background Thread 3 ] DEBUG Engine               - class com.almasb.fxgl.app.FXGLApplication$GameApplicationService
21:44:20.143 [FXGL Background Thread 3 ] DEBUG Engine               - class com.almasb.fxgl.app.services.FXGLDialogService
21:44:20.143 [FXGL Background Thread 3 ] DEBUG Engine               - class com.almasb.fxgl.app.services.IOTaskExecutorService
21:44:20.143 [FXGL Background Thread 3 ] DEBUG Engine               - class com.almasb.fxgl.io.FileSystemService
21:44:20.143 [FXGL Background Thread 3 ] DEBUG Engine               - class com.almasb.fxgl.localization.LocalizationService
21:44:20.143 [FXGL Background Thread 3 ] DEBUG Engine               - class com.almasb.fxgl.app.services.SystemBundleService
21:44:20.143 [FXGL Background Thread 3 ] DEBUG Engine               - class com.almasb.fxgl.profile.SaveLoadService
21:44:20.143 [FXGL Background Thread 3 ] DEBUG Engine               - class com.almasb.fxgl.ui.FXGLUIFactoryServiceProvider
21:44:20.143 [FXGL Background Thread 3 ] DEBUG Engine               - class com.almasb.fxgl.ui.FXGLDialogFactoryServiceProvider
21:44:20.143 [FXGL Background Thread 3 ] DEBUG Engine               - class com.almasb.fxgl.audio.AudioPlayer
21:44:20.143 [FXGL Background Thread 3 ] DEBUG Engine               - class com.almasb.fxgl.notification.impl.NotificationServiceProvider
21:44:20.143 [FXGL Background Thread 3 ] DEBUG Engine               - class com.almasb.fxgl.achievement.AchievementService
21:44:20.143 [FXGL Background Thread 3 ] DEBUG Engine               - class com.almasb.fxgl.cutscene.CutsceneService
21:44:20.143 [FXGL Background Thread 3 ] DEBUG Engine               - class com.almasb.fxgl.minigames.MiniGameService
21:44:20.143 [FXGL Background Thread 3 ] DEBUG Engine               - class com.almasb.fxgl.net.NetService
21:44:20.143 [FXGL Background Thread 3 ] DEBUG Engine               - class com.almasb.fxgl.app.services.UpdaterService
21:44:20.143 [FXGL Background Thread 3 ] DEBUG Engine               - class com.almasb.fxgl.dev.DevService
21:44:21.084 [JavaFX Application Thread] DEBUG FXGLApplication      - Exiting FXGL
21:44:21.084 [JavaFX Application Thread] DEBUG Async                - Shutting down background threads
21:44:21.084 [JavaFX Application Thread] DEBUG PrimaryStageWindow   - Closing main window
21:44:21.152 [JavaFX Application Thread] DEBUG Logger               - Closing Logger
