23:57:02.818 [main                     ] DEBUG Logger               - Configured Logger
23:57:02.858 [main                     ] DEBUG GameApplication      - Logging settings
Title: Dead KnightFactory
Version: 0.0
Width: 800
Height: 600
Fullscreen: false
Intro: false
Profiling: false
Single step:false
App Mode: DEVELOPER
Menu Key: ESCAPE
Stage Style: DECORATED
Scene Factory: class com.almasb.fxgl.app.scene.SceneFactory

23:57:03.535 [JavaFX Application Thread] DEBUG FXGLApplication      - Initializing FXGL
23:57:03.552 [JavaFX Application Thread] INFO  Engine               - FXGL-17.3 (30.03.2023 11.49) on WINDOWS (J:17.0.12 FX:17.0.6)
23:57:03.552 [JavaFX Application Thread] DEBUG Engine               - JRE Vendor Name: Oracle Corporation
23:57:03.553 [JavaFX Application Thread] DEBUG Engine               - Running on OS: Windows 11 version 10.0
23:57:03.553 [JavaFX Application Thread] DEBUG Engine               - Architecture: amd64
23:57:03.553 [JavaFX Application Thread] INFO  Engine               - Source code and latest versions at: https://github.com/AlmasB/FXGL
23:57:03.553 [JavaFX Application Thread] INFO  Engine               -       Ask questions and discuss at: https://github.com/AlmasB/FXGL/discussions
23:57:03.553 [JavaFX Application Thread] INFO  Engine               -              Join the FXGL chat at: https://gitter.im/AlmasB/FXGL
23:57:03.715 [JavaFX Application Thread] DEBUG PrimaryStageWindow   - Creating a JavaFX scene
23:57:03.780 [JavaFX Application Thread] DEBUG PrimaryStageWindow   - Target settings size: 800.0 x 600.0
23:57:03.780 [JavaFX Application Thread] DEBUG PrimaryStageWindow   - Scaled scene size:    800.0 x 600.0
23:57:03.781 [JavaFX Application Thread] DEBUG PrimaryStageWindow   - Scaled ratio: (1.0, 1.0)
23:57:03.784 [JavaFX Application Thread] DEBUG PrimaryStageWindow   - Set initial scene to FXGLStartupScene
23:57:03.804 [JavaFX Application Thread] DEBUG PrimaryStageWindow   - Opening main window
23:57:04.033 [JavaFX Application Thread] DEBUG PrimaryStageWindow   - Window border size: (16.0, 39.0)
23:57:04.033 [JavaFX Application Thread] DEBUG PrimaryStageWindow   - Scaled size: 800.0 x 600.0
23:57:04.034 [JavaFX Application Thread] DEBUG PrimaryStageWindow   - Scaled ratio: (1.0, 1.0)
23:57:04.034 [JavaFX Application Thread] DEBUG PrimaryStageWindow   - Scene size: 800.0 x 600.0
23:57:04.035 [JavaFX Application Thread] DEBUG PrimaryStageWindow   - Stage size: 816.0 x 639.0
23:57:04.055 [FXGL Background Thread 1 ] DEBUG Engine               - Initializing environment variables
23:57:04.137 [FXGL Background Thread 1 ] DEBUG FXGLAssetLoaderServi - User app class for loading assets: class org.example.deadknight.DeadKnightApp
23:57:04.138 [FXGL Background Thread 1 ] DEBUG GameApplicationServi - Applying CSS: fxgl_dark.css
23:57:04.140 [FXGL Background Thread 1 ] DEBUG FXGLAssetLoaderServi - Loading from file system: jar:file:/C:/Users/W-11/.gradle/caches/modules-2/files-2.1/com.github.almasb/fxgl/17.3/614d2b2607c97fe7b539dfa75036066a8010f74b/fxgl-17.3.jar!/fxglassets/ui/css/fxgl_dark.css
23:57:04.230 [FXGL Background Thread 1 ] DEBUG GameApplicationServi - Initializing application scenes
23:57:04.331 [FXGL Background Thread 1 ] DEBUG GameWorld            - Game world initialized
23:57:04.458 [FXGL Background Thread 1 ] DEBUG PhysicsWorld         - Physics world initialized: appHeight=600, physics.ppm=50,0
23:57:04.459 [FXGL Background Thread 1 ] DEBUG PhysicsWorld         - Using strategy: BRUTE_FORCE
23:57:04.466 [FXGL Background Thread 1 ] DEBUG GameScene            - Game scene initialized: 800x600
23:57:04.491 [FXGL Background Thread 1 ] DEBUG FXGL.DefaultMenu     - createMenuBodyGameMenu()
23:57:04.518 [FXGL Background Thread 1 ] DEBUG FXGL.DefaultMenu     - createOptionsMenu()
23:57:04.541 [FXGL Background Thread 1 ] DEBUG FXGLAssetLoaderServi - Loading from file system: jar:file:/C:/Users/W-11/.gradle/caches/modules-2/files-2.1/com.github.almasb/fxgl/17.3/614d2b2607c97fe7b539dfa75036066a8010f74b/fxgl-17.3.jar!/fxglassets/textures/particles/smoke.png
23:57:04.701 [FXGL Background Thread 1 ] DEBUG FXGLAssetLoaderServi - Loading from file system: jar:file:/C:/Users/W-11/.gradle/caches/modules-2/files-2.1/com.github.almasb/fxgl/17.3/614d2b2607c97fe7b539dfa75036066a8010f74b/fxgl-17.3.jar!/fxglassets/textures/particles/trace_horizontal.png
23:57:04.741 [FXGL Background Thread 1 ] DEBUG GameApplicationServi - Application scenes initialized
23:57:04.764 [FXGL Background Thread 1 ] DEBUG SystemBundleService  - Loading FXGL system data
23:57:04.772 [FXGL Background Thread 1 ] DEBUG FileSystemAccess     - Reading from: C:\Users\W-11\IdeaProjects\deadknight\system\fxgl.bundle
23:57:04.789 [FXGL Background Thread 1 ] DEBUG SystemBundleService  - Bundle FXGL: {}
23:57:04.791 [FXGL Background Thread 1 ] DEBUG UpdaterService       - Checking for updates
23:57:04.805 [FXGL Background Thread 4 ] DEBUG FXGLApplication      - Loading fonts
23:57:04.806 [FXGL Background Thread 4 ] DEBUG FXGLAssetLoaderServi - Loading from file system: jar:file:/C:/Users/W-11/.gradle/caches/modules-2/files-2.1/com.github.almasb/fxgl/17.3/614d2b2607c97fe7b539dfa75036066a8010f74b/fxgl-17.3.jar!/fxglassets/ui/fonts/VarelaRound-Regular.ttf
23:57:04.806 [FXGL Background Thread 1 ] DEBUG FXGLApplication      - Loading default localization
23:57:04.809 [FXGL Background Thread 1 ] DEBUG FXGLAssetLoaderServi - Loading from file system: jar:file:/C:/Users/W-11/.gradle/caches/modules-2/files-2.1/com.github.almasb/fxgl/17.3/614d2b2607c97fe7b539dfa75036066a8010f74b/fxgl-17.3.jar!/fxglassets/languages/english.lang
23:57:04.905 [FXGL Background Thread 1 ] INFO  FXGLApplication      - FXGL initialization took: 0,850 sec
23:57:04.908 [JavaFX Application Thread] DEBUG FXGLAssetLoaderServi - Loading from file system: jar:file:/C:/Users/W-11/.gradle/caches/modules-2/files-2.1/com.github.almasb/fxgl/17.3/614d2b2607c97fe7b539dfa75036066a8010f74b/fxgl-17.3.jar!/fxglassets/textures/fxgl_icon.png
23:57:04.934 [FXGL Background Thread 4 ] DEBUG FXGLAssetLoaderServi - Loading from file system: jar:file:/C:/Users/W-11/.gradle/caches/modules-2/files-2.1/com.github.almasb/fxgl/17.3/614d2b2607c97fe7b539dfa75036066a8010f74b/fxgl-17.3.jar!/fxglassets/ui/fonts/Abel-Regular.ttf
23:57:04.941 [FXGL Background Thread 4 ] DEBUG FXGLAssetLoaderServi - Loading from file system: jar:file:/C:/Users/W-11/.gradle/caches/modules-2/files-2.1/com.github.almasb/fxgl/17.3/614d2b2607c97fe7b539dfa75036066a8010f74b/fxgl-17.3.jar!/fxglassets/ui/fonts/TerminalLandMono-Regular.otf
23:57:04.947 [FXGL Background Thread 4 ] DEBUG FXGLAssetLoaderServi - Loading from file system: jar:file:/C:/Users/W-11/.gradle/caches/modules-2/files-2.1/com.github.almasb/fxgl/17.3/614d2b2607c97fe7b539dfa75036066a8010f74b/fxgl-17.3.jar!/fxglassets/ui/fonts/Courier-Prime.ttf
23:57:04.956 [JavaFX Application Thread] DEBUG FXGLAssetLoaderServi - Loading from file system: jar:file:/C:/Users/W-11/.gradle/caches/modules-2/files-2.1/com.github.almasb/fxgl/17.3/614d2b2607c97fe7b539dfa75036066a8010f74b/fxgl-17.3.jar!/fxglassets/textures/fxgl_default_cursor.png
23:57:05.000 [JavaFX Application Thread] DEBUG Input                - Registered new binding: Screenshot - CTRL+8
23:57:05.001 [JavaFX Application Thread] DEBUG Input                - Registered new binding: System info dump - CTRL+9
23:57:05.002 [JavaFX Application Thread] DEBUG Input                - Registered new binding: Restart - CTRL+R
23:57:05.005 [JavaFX Application Thread] DEBUG Input                - Registered new binding: Toggle Debug Camera - CTRL+7
23:57:05.011 [JavaFX Application Thread] DEBUG LoopRunner           - Starting loop
23:57:05.011 [JavaFX Application Thread] DEBUG LoopRunner           - Initializing JavaFX AnimationTimerLoop
23:57:05.013 [JavaFX Application Thread] DEBUG GameApplicationServi - Starting new game
23:57:05.015 [JavaFX Application Thread] DEBUG Input                - Clearing active input actions
23:57:05.039 [JavaFX Application Thread] DEBUG GameApplicationServi - Removing overlay from FXGLStartupScene and adding to FXGLLoadingScene
23:57:05.040 [JavaFX Application Thread] DEBUG PrimaryStageWindow   - FXGLStartupScene -> FXGLLoadingScene
23:57:05.040 [JavaFX Application Thread] DEBUG GameApplicationServi - Clearing previous game
23:57:05.040 [JavaFX Application Thread] DEBUG GameScene            - Clearing game scene
23:57:05.040 [JavaFX Application Thread] DEBUG GameWorld            - Clearing game world
23:57:05.040 [JavaFX Application Thread] DEBUG PhysicsWorld         - Clearing physics world
23:57:05.045 [JavaFX Application Thread] DEBUG FXGLApplication      - Registering font factories with UI factory
23:57:05.046 [FXGL Background Thread 4 ] DEBUG FXGLApplication      - Initializing game
23:57:05.109 [FXGL Background Thread 4 ] INFO  FXGLApplication      - Game initialization took: 0,063 sec
23:57:05.132 [JavaFX Application Thread] DEBUG Input                - Clearing active input actions
23:57:05.159 [JavaFX Application Thread] DEBUG GameApplicationServi - Removing overlay from FXGLLoadingScene and adding to GameScene
23:57:05.160 [JavaFX Application Thread] DEBUG PrimaryStageWindow   - FXGLLoadingScene -> GameScene
23:57:06.130 [FXGL Background Thread 2 ] INFO  UpdaterService       - Your current version:  17.3
23:57:06.130 [FXGL Background Thread 2 ] INFO  UpdaterService       - Latest stable version: 21.1
23:57:06.498 [JavaFX Application Thread] DEBUG FXGLAssetLoaderServi - Loading from file system: file:/C:/Users/W-11/IdeaProjects/deadknight/build/resources/main/assets/textures/loading_background.png
23:57:06.552 [Thread-4                 ] WARN  FXGLAssetLoaderServi - Asset "/assets/textures/knight_left_1.png" was not found!
23:57:06.553 [Thread-4                 ] WARN  FXGLAssetLoaderServi - Failed to load IMAGE
23:57:06.642 [Thread-4                 ] WARN  FXGLAssetLoaderServi - Asset "/assets/textures/knight_left_2.png" was not found!
23:57:06.643 [Thread-4                 ] WARN  FXGLAssetLoaderServi - Failed to load IMAGE
23:57:06.697 [Thread-4                 ] WARN  FXGLAssetLoaderServi - Asset "/assets/textures/knight_left_3.png" was not found!
23:57:06.697 [Thread-4                 ] WARN  FXGLAssetLoaderServi - Failed to load IMAGE
23:57:06.751 [Thread-4                 ] WARN  FXGLAssetLoaderServi - Asset "/assets/textures/knight_left_4.png" was not found!
23:57:06.751 [Thread-4                 ] WARN  FXGLAssetLoaderServi - Failed to load IMAGE
23:57:06.804 [Thread-4                 ] WARN  FXGLAssetLoaderServi - Asset "/assets/textures/knight_left_5.png" was not found!
23:57:06.805 [Thread-4                 ] WARN  FXGLAssetLoaderServi - Failed to load IMAGE
23:57:06.858 [JavaFX Application Thread] DEBUG Input                - Clearing active input actions
23:57:06.877 [JavaFX Application Thread] DEBUG FXGLAssetLoaderServi - Loading from file system: file:/C:/Users/W-11/IdeaProjects/deadknight/build/resources/main/assets/textures/knight_left-1.png
23:57:06.905 [JavaFX Application Thread] DEBUG FXGLAssetLoaderServi - Loading from file system: file:/C:/Users/W-11/IdeaProjects/deadknight/build/resources/main/assets/textures/knight_left-2.png
23:57:06.937 [JavaFX Application Thread] DEBUG FXGLAssetLoaderServi - Loading from file system: file:/C:/Users/W-11/IdeaProjects/deadknight/build/resources/main/assets/textures/knight_left-3.png
23:57:06.965 [JavaFX Application Thread] DEBUG FXGLAssetLoaderServi - Loading from file system: file:/C:/Users/W-11/IdeaProjects/deadknight/build/resources/main/assets/textures/knight_left-4.png
23:57:06.988 [JavaFX Application Thread] DEBUG FXGLAssetLoaderServi - Loading from file system: file:/C:/Users/W-11/IdeaProjects/deadknight/build/resources/main/assets/textures/knight_left-5.png
23:57:07.020 [JavaFX Application Thread] DEBUG FXGLAssetLoaderServi - Loading from file system: file:/C:/Users/W-11/IdeaProjects/deadknight/build/resources/main/assets/textures/spikes.png
23:57:07.069 [JavaFX Application Thread] DEBUG FXGLAssetLoaderServi - Loading from file system: file:/C:/Users/W-11/IdeaProjects/deadknight/build/resources/main/assets/textures/goblin-1.png
23:57:07.087 [JavaFX Application Thread] DEBUG FXGLAssetLoaderServi - Loading from file system: file:/C:/Users/W-11/IdeaProjects/deadknight/build/resources/main/assets/textures/goblin-2.png
23:57:07.106 [JavaFX Application Thread] DEBUG FXGLAssetLoaderServi - Loading from file system: file:/C:/Users/W-11/IdeaProjects/deadknight/build/resources/main/assets/textures/goblin-3.png
23:57:07.131 [JavaFX Application Thread] DEBUG FXGLAssetLoaderServi - Loading from file system: file:/C:/Users/W-11/IdeaProjects/deadknight/build/resources/main/assets/textures/goblin-4.png
23:57:07.147 [JavaFX Application Thread] DEBUG FXGLAssetLoaderServi - Loading from file system: file:/C:/Users/W-11/IdeaProjects/deadknight/build/resources/main/assets/textures/goblin-5.png
23:57:07.162 [JavaFX Application Thread] DEBUG FXGLAssetLoaderServi - Loading from file system: file:/C:/Users/W-11/IdeaProjects/deadknight/build/resources/main/assets/textures/goblin-6.png
23:57:07.178 [JavaFX Application Thread] DEBUG FXGLAssetLoaderServi - Loading from file system: file:/C:/Users/W-11/IdeaProjects/deadknight/build/resources/main/assets/textures/goblin-7.png
23:57:07.195 [JavaFX Application Thread] DEBUG FXGLAssetLoaderServi - Loading from file system: file:/C:/Users/W-11/IdeaProjects/deadknight/build/resources/main/assets/textures/goblin-8.png
23:57:07.211 [JavaFX Application Thread] DEBUG FXGLAssetLoaderServi - Loading from file system: file:/C:/Users/W-11/IdeaProjects/deadknight/build/resources/main/assets/textures/goblin-9.png
23:57:07.228 [JavaFX Application Thread] DEBUG FXGLAssetLoaderServi - Loading from file system: file:/C:/Users/W-11/IdeaProjects/deadknight/build/resources/main/assets/textures/goblin-10.png
23:57:07.244 [JavaFX Application Thread] DEBUG FXGLAssetLoaderServi - Loading from file system: file:/C:/Users/W-11/IdeaProjects/deadknight/build/resources/main/assets/textures/goblin-11.png
23:57:07.262 [JavaFX Application Thread] DEBUG FXGLAssetLoaderServi - Loading from file system: file:/C:/Users/W-11/IdeaProjects/deadknight/build/resources/main/assets/textures/goblin-12.png
23:57:07.278 [JavaFX Application Thread] DEBUG FXGLAssetLoaderServi - Loading from file system: file:/C:/Users/W-11/IdeaProjects/deadknight/build/resources/main/assets/textures/goblin-13.png
23:57:07.296 [JavaFX Application Thread] DEBUG FXGLAssetLoaderServi - Loading from file system: file:/C:/Users/W-11/IdeaProjects/deadknight/build/resources/main/assets/textures/goblin-14.png
23:57:07.313 [JavaFX Application Thread] DEBUG FXGLAssetLoaderServi - Loading from file system: file:/C:/Users/W-11/IdeaProjects/deadknight/build/resources/main/assets/textures/goblin-15.png
23:57:07.332 [JavaFX Application Thread] DEBUG FXGLAssetLoaderServi - Loading from file system: file:/C:/Users/W-11/IdeaProjects/deadknight/build/resources/main/assets/textures/goblin-16.png
23:57:07.349 [JavaFX Application Thread] DEBUG FXGLAssetLoaderServi - Loading from file system: file:/C:/Users/W-11/IdeaProjects/deadknight/build/resources/main/assets/textures/goblin-17.png
23:57:07.365 [JavaFX Application Thread] DEBUG FXGLAssetLoaderServi - Loading from file system: file:/C:/Users/W-11/IdeaProjects/deadknight/build/resources/main/assets/textures/goblin-18.png
23:57:07.382 [JavaFX Application Thread] DEBUG FXGLAssetLoaderServi - Loading from file system: file:/C:/Users/W-11/IdeaProjects/deadknight/build/resources/main/assets/textures/goblin-19.png
23:57:07.399 [JavaFX Application Thread] DEBUG FXGLAssetLoaderServi - Loading from file system: file:/C:/Users/W-11/IdeaProjects/deadknight/build/resources/main/assets/textures/goblin-20.png
23:57:07.415 [JavaFX Application Thread] DEBUG FXGLAssetLoaderServi - Loading from file system: file:/C:/Users/W-11/IdeaProjects/deadknight/build/resources/main/assets/textures/goblin-21.png
23:57:07.432 [JavaFX Application Thread] DEBUG FXGLAssetLoaderServi - Loading from file system: file:/C:/Users/W-11/IdeaProjects/deadknight/build/resources/main/assets/textures/goblin-22.png
23:57:07.448 [JavaFX Application Thread] DEBUG FXGLAssetLoaderServi - Loading from file system: file:/C:/Users/W-11/IdeaProjects/deadknight/build/resources/main/assets/textures/goblin-23.png
23:57:07.465 [JavaFX Application Thread] DEBUG FXGLAssetLoaderServi - Loading from file system: file:/C:/Users/W-11/IdeaProjects/deadknight/build/resources/main/assets/textures/goblin-24.png
23:57:07.484 [JavaFX Application Thread] DEBUG FXGLAssetLoaderServi - Loading from file system: file:/C:/Users/W-11/IdeaProjects/deadknight/build/resources/main/assets/textures/goblin-25.png
23:57:07.510 [JavaFX Application Thread] DEBUG FXGLAssetLoaderServi - Loading from file system: file:/C:/Users/W-11/IdeaProjects/deadknight/build/resources/main/assets/textures/goblin_attack-1.png
23:57:07.527 [JavaFX Application Thread] DEBUG FXGLAssetLoaderServi - Loading from file system: file:/C:/Users/W-11/IdeaProjects/deadknight/build/resources/main/assets/textures/goblin_attack-2.png
23:57:07.544 [JavaFX Application Thread] DEBUG FXGLAssetLoaderServi - Loading from file system: file:/C:/Users/W-11/IdeaProjects/deadknight/build/resources/main/assets/textures/goblin_attack-3.png
23:57:07.562 [JavaFX Application Thread] DEBUG FXGLAssetLoaderServi - Loading from file system: file:/C:/Users/W-11/IdeaProjects/deadknight/build/resources/main/assets/textures/goblin_attack-4.png
23:57:07.580 [JavaFX Application Thread] DEBUG FXGLAssetLoaderServi - Loading from file system: file:/C:/Users/W-11/IdeaProjects/deadknight/build/resources/main/assets/textures/goblin_attack-5.png
23:57:07.596 [JavaFX Application Thread] DEBUG FXGLAssetLoaderServi - Loading from file system: file:/C:/Users/W-11/IdeaProjects/deadknight/build/resources/main/assets/textures/goblin_attack-6.png
23:57:07.613 [JavaFX Application Thread] DEBUG FXGLAssetLoaderServi - Loading from file system: file:/C:/Users/W-11/IdeaProjects/deadknight/build/resources/main/assets/textures/goblin_attack-7.png
23:57:07.635 [JavaFX Application Thread] DEBUG FXGLAssetLoaderServi - Loading from file system: file:/C:/Users/W-11/IdeaProjects/deadknight/build/resources/main/assets/textures/goblin_attack-8.png
23:57:07.660 [JavaFX Application Thread] DEBUG FXGLAssetLoaderServi - Loading from file system: file:/C:/Users/W-11/IdeaProjects/deadknight/build/resources/main/assets/textures/goblin_attack-9.png
23:57:07.687 [JavaFX Application Thread] DEBUG FXGLAssetLoaderServi - Loading from file system: file:/C:/Users/W-11/IdeaProjects/deadknight/build/resources/main/assets/textures/goblin_attack-10.png
23:57:07.707 [JavaFX Application Thread] DEBUG FXGLAssetLoaderServi - Loading from file system: file:/C:/Users/W-11/IdeaProjects/deadknight/build/resources/main/assets/textures/goblin_attack-11.png
23:57:07.724 [JavaFX Application Thread] DEBUG FXGLAssetLoaderServi - Loading from file system: file:/C:/Users/W-11/IdeaProjects/deadknight/build/resources/main/assets/textures/goblin_attack-12.png
23:57:07.743 [JavaFX Application Thread] DEBUG FXGLAssetLoaderServi - Loading from file system: file:/C:/Users/W-11/IdeaProjects/deadknight/build/resources/main/assets/textures/goblin_attack-13.png
23:57:07.769 [JavaFX Application Thread] DEBUG FXGLAssetLoaderServi - Loading from file system: file:/C:/Users/W-11/IdeaProjects/deadknight/build/resources/main/assets/textures/goblin_attack-14.png
23:57:07.794 [JavaFX Application Thread] DEBUG FXGLAssetLoaderServi - Loading from file system: file:/C:/Users/W-11/IdeaProjects/deadknight/build/resources/main/assets/textures/goblin_attack-15.png
23:57:07.800 [FXGL Background Thread 3 ] DEBUG Engine               - Logging environment variables
23:57:07.801 [FXGL Background Thread 3 ] DEBUG Engine               - achievements: []
23:57:07.801 [FXGL Background Thread 3 ] DEBUG Engine               - actualHeight: 600.0
23:57:07.802 [FXGL Background Thread 3 ] DEBUG Engine               - actualHeightProperty: ReadOnlyDoubleProperty [value: 600.0]
23:57:07.802 [FXGL Background Thread 3 ] DEBUG Engine               - actualWidth: 800.0
23:57:07.803 [FXGL Background Thread 3 ] DEBUG Engine               - actualWidthProperty: ReadOnlyDoubleProperty [value: 800.0]
23:57:07.803 [FXGL Background Thread 3 ] DEBUG Engine               - appIcon: fxgl_icon.png
23:57:07.803 [FXGL Background Thread 3 ] DEBUG Engine               - applicationMode: DEVELOPER
23:57:07.803 [FXGL Background Thread 3 ] DEBUG Engine               - cSSList: [fxgl_dark.css]
23:57:07.803 [FXGL Background Thread 3 ] DEBUG Engine               - collisionDetectionStrategy: BRUTE_FORCE
23:57:07.803 [FXGL Background Thread 3 ] DEBUG Engine               - configClass: Optional.empty
23:57:07.803 [FXGL Background Thread 3 ] DEBUG Engine               - credits: []
23:57:07.804 [FXGL Background Thread 3 ] DEBUG Engine               - defaultCursor: CursorInfo(imageName=fxgl_default_cursor.png, hotspotX=7.0, hotspotY=6.0)
23:57:07.804 [FXGL Background Thread 3 ] DEBUG Engine               - devBBoxColorProperty: ObjectProperty [value: 0xff0000ff]
23:57:07.804 [FXGL Background Thread 3 ] DEBUG Engine               - devEnableDebugCameraProperty: BooleanProperty [value: false]
23:57:07.805 [FXGL Background Thread 3 ] DEBUG Engine               - devSensorColorProperty: ObjectProperty [value: 0xffff00ff]
23:57:07.805 [FXGL Background Thread 3 ] DEBUG Engine               - devShowBBoxProperty: BooleanProperty [value: false]
23:57:07.805 [FXGL Background Thread 3 ] DEBUG Engine               - devShowPositionProperty: BooleanProperty [value: false]
23:57:07.805 [FXGL Background Thread 3 ] DEBUG Engine               - enabledMenuItems: []
23:57:07.805 [FXGL Background Thread 3 ] DEBUG Engine               - engineServices: [class com.almasb.fxgl.app.services.FXGLAssetLoaderService, class com.almasb.fxgl.app.FXGLApplication$GameApplicationService, class com.almasb.fxgl.app.services.FXGLDialogService, class com.almasb.fxgl.app.services.IOTaskExecutorService, class com.almasb.fxgl.io.FileSystemService, class com.almasb.fxgl.localization.LocalizationService, class com.almasb.fxgl.app.services.SystemBundleService, class com.almasb.fxgl.profile.SaveLoadService, class com.almasb.fxgl.ui.FXGLUIFactoryServiceProvider, class com.almasb.fxgl.ui.FXGLDialogFactoryServiceProvider, class com.almasb.fxgl.audio.AudioPlayer, class com.almasb.fxgl.notification.impl.NotificationServiceProvider, class com.almasb.fxgl.achievement.AchievementService, class com.almasb.fxgl.cutscene.CutsceneService, class com.almasb.fxgl.minigames.MiniGameService, class com.almasb.fxgl.net.NetService, class com.almasb.fxgl.app.services.UpdaterService, class com.almasb.fxgl.dev.DevService]
23:57:07.805 [FXGL Background Thread 3 ] DEBUG Engine               - fontGame: Abel-Regular.ttf
23:57:07.805 [FXGL Background Thread 3 ] DEBUG Engine               - fontMono: TerminalLandMono-Regular.otf
23:57:07.805 [FXGL Background Thread 3 ] DEBUG Engine               - fontSizeScaleUI: 1.0
23:57:07.805 [FXGL Background Thread 3 ] DEBUG Engine               - fontText: Courier-Prime.ttf
23:57:07.805 [FXGL Background Thread 3 ] DEBUG Engine               - fontUI: VarelaRound-Regular.ttf
23:57:07.805 [FXGL Background Thread 3 ] DEBUG Engine               - fullScreen: BooleanProperty [value: false]
23:57:07.806 [FXGL Background Thread 3 ] DEBUG Engine               - gameDifficulty: MEDIUM
23:57:07.806 [FXGL Background Thread 3 ] DEBUG Engine               - gameDifficultyProperty: ObjectProperty [value: MEDIUM]
23:57:07.806 [FXGL Background Thread 3 ] DEBUG Engine               - globalMusicVolume: 0.5
23:57:07.806 [FXGL Background Thread 3 ] DEBUG Engine               - globalMusicVolumeProperty: DoubleProperty [value: 0.5]
23:57:07.806 [FXGL Background Thread 3 ] DEBUG Engine               - globalSoundVolume: 0.5
23:57:07.806 [FXGL Background Thread 3 ] DEBUG Engine               - globalSoundVolumeProperty: DoubleProperty [value: 0.5]
23:57:07.806 [FXGL Background Thread 3 ] DEBUG Engine               - height: 600
23:57:07.806 [FXGL Background Thread 3 ] DEBUG Engine               - is3D: false
23:57:07.806 [FXGL Background Thread 3 ] DEBUG Engine               - isAndroid: false
23:57:07.806 [FXGL Background Thread 3 ] DEBUG Engine               - isBrowser: false
23:57:07.806 [FXGL Background Thread 3 ] DEBUG Engine               - isClickFeedbackEnabled: false
23:57:07.806 [FXGL Background Thread 3 ] DEBUG Engine               - isCloseConfirmation: false
23:57:07.806 [FXGL Background Thread 3 ] DEBUG Engine               - isDesktop: true
23:57:07.807 [FXGL Background Thread 3 ] DEBUG Engine               - isDeveloperMenuEnabled: false
23:57:07.807 [FXGL Background Thread 3 ] DEBUG Engine               - isEmbedded: false
23:57:07.807 [FXGL Background Thread 3 ] DEBUG Engine               - isEntityPreloadEnabled: true
23:57:07.807 [FXGL Background Thread 3 ] DEBUG Engine               - isExperimentalTiledLargeMap: false
23:57:07.807 [FXGL Background Thread 3 ] DEBUG Engine               - isFileSystemWriteAllowed: true
23:57:07.807 [FXGL Background Thread 3 ] DEBUG Engine               - isFullScreenAllowed: false
23:57:07.807 [FXGL Background Thread 3 ] DEBUG Engine               - isFullScreenFromStart: false
23:57:07.807 [FXGL Background Thread 3 ] DEBUG Engine               - isGameMenuEnabled: true
23:57:07.807 [FXGL Background Thread 3 ] DEBUG Engine               - isIOS: false
23:57:07.807 [FXGL Background Thread 3 ] DEBUG Engine               - isIntroEnabled: false
23:57:07.807 [FXGL Background Thread 3 ] DEBUG Engine               - isLinux: false
23:57:07.807 [FXGL Background Thread 3 ] DEBUG Engine               - isMac: false
23:57:07.807 [FXGL Background Thread 3 ] DEBUG Engine               - isMainMenuEnabled: false
23:57:07.807 [FXGL Background Thread 3 ] DEBUG Engine               - isManualResizeEnabled: false
23:57:07.807 [FXGL Background Thread 3 ] DEBUG Engine               - isMobile: false
23:57:07.807 [FXGL Background Thread 3 ] DEBUG Engine               - isNative: false
23:57:07.807 [FXGL Background Thread 3 ] DEBUG Engine               - isPauseMusicWhenMinimized: true
23:57:07.807 [FXGL Background Thread 3 ] DEBUG Engine               - isPreserveResizeRatio: false
23:57:07.808 [FXGL Background Thread 3 ] DEBUG Engine               - isProfilingEnabled: false
23:57:07.808 [FXGL Background Thread 3 ] DEBUG Engine               - isScaleAffectedOnResize: true
23:57:07.808 [FXGL Background Thread 3 ] DEBUG Engine               - isSingleStep: false
23:57:07.808 [FXGL Background Thread 3 ] DEBUG Engine               - isUserProfileEnabled: false
23:57:07.808 [FXGL Background Thread 3 ] DEBUG Engine               - isWindows: true
23:57:07.808 [FXGL Background Thread 3 ] DEBUG Engine               - language: ObjectProperty [value: ENGLISH]
23:57:07.808 [FXGL Background Thread 3 ] DEBUG Engine               - menuKey: ESCAPE
23:57:07.808 [FXGL Background Thread 3 ] DEBUG Engine               - mouseSensitivity: 0.2
23:57:07.808 [FXGL Background Thread 3 ] DEBUG Engine               - notificationViewClass: class com.almasb.fxgl.notification.view.XboxNotificationView
23:57:07.809 [FXGL Background Thread 3 ] DEBUG Engine               - pixelsPerMeter: 50.0
23:57:07.809 [FXGL Background Thread 3 ] DEBUG Engine               - platform: WINDOWS
23:57:07.809 [FXGL Background Thread 3 ] DEBUG Engine               - prefHeightProperty: ReadOnlyDoubleProperty [value: 600.0]
23:57:07.809 [FXGL Background Thread 3 ] DEBUG Engine               - prefWidthProperty: ReadOnlyDoubleProperty [value: 800.0]
23:57:07.809 [FXGL Background Thread 3 ] DEBUG Engine               - profileDir: profiles/
23:57:07.809 [FXGL Background Thread 3 ] DEBUG Engine               - profileName: StringProperty [value: DEFAULT]
23:57:07.809 [FXGL Background Thread 3 ] DEBUG Engine               - randomSeed: -1
23:57:07.809 [FXGL Background Thread 3 ] DEBUG Engine               - runtimeInfo: RuntimeInfo(platform=WINDOWS, version=17.3, build=30.03.2023 11.49)
23:57:07.809 [FXGL Background Thread 3 ] DEBUG Engine               - saveFileExt: sav
23:57:07.809 [FXGL Background Thread 3 ] DEBUG Engine               - scaledHeightProp$fxgl: DoubleProperty [bound, value: 600.0]
23:57:07.809 [FXGL Background Thread 3 ] DEBUG Engine               - scaledWidthProp$fxgl: DoubleProperty [bound, value: 800.0]
23:57:07.809 [FXGL Background Thread 3 ] DEBUG Engine               - sceneFactory: com.almasb.fxgl.app.scene.SceneFactory@6dabb2ea
23:57:07.809 [FXGL Background Thread 3 ] DEBUG Engine               - secondsIn24h: 60
23:57:07.809 [FXGL Background Thread 3 ] DEBUG Engine               - soundMenuBack: menu/back.wav
23:57:07.809 [FXGL Background Thread 3 ] DEBUG Engine               - soundMenuPress: menu/press.wav
23:57:07.809 [FXGL Background Thread 3 ] DEBUG Engine               - soundMenuSelect: menu/select.wav
23:57:07.809 [FXGL Background Thread 3 ] DEBUG Engine               - soundNotification: core/notification.wav
23:57:07.809 [FXGL Background Thread 3 ] DEBUG Engine               - stageStyle: DECORATED
23:57:07.809 [FXGL Background Thread 3 ] DEBUG Engine               - supportedLanguages: [ENGLISH, FRENCH, GERMAN, HUNGARIAN, RUSSIAN]
23:57:07.809 [FXGL Background Thread 3 ] DEBUG Engine               - ticksPerSecond: -1
23:57:07.810 [FXGL Background Thread 3 ] DEBUG Engine               - title: Dead KnightFactory
23:57:07.810 [FXGL Background Thread 3 ] DEBUG Engine               - urlGithub: https://github.com/AlmasB/FXGL
23:57:07.810 [FXGL Background Thread 3 ] DEBUG Engine               - urlLeaderboard: http://fxgl-top.herokuapp.com/
23:57:07.810 [FXGL Background Thread 3 ] DEBUG Engine               - urlPOM: https://raw.githubusercontent.com/AlmasB/FXGL/release/README.md
23:57:07.810 [FXGL Background Thread 3 ] DEBUG Engine               - userAppClass: class org.example.deadknight.DeadKnightApp
23:57:07.810 [FXGL Background Thread 3 ] DEBUG Engine               - version: 0.0
23:57:07.810 [FXGL Background Thread 3 ] DEBUG Engine               - versionCheckDays: 7
23:57:07.810 [FXGL Background Thread 3 ] DEBUG Engine               - width: 800
23:57:07.810 [FXGL Background Thread 3 ] DEBUG Engine               - Logging services
23:57:07.810 [FXGL Background Thread 3 ] DEBUG Engine               - class com.almasb.fxgl.app.services.FXGLAssetLoaderService
23:57:07.810 [FXGL Background Thread 3 ] DEBUG Engine               - class com.almasb.fxgl.app.FXGLApplication$GameApplicationService
23:57:07.810 [FXGL Background Thread 3 ] DEBUG Engine               - class com.almasb.fxgl.app.services.FXGLDialogService
23:57:07.810 [FXGL Background Thread 3 ] DEBUG Engine               - class com.almasb.fxgl.app.services.IOTaskExecutorService
23:57:07.810 [FXGL Background Thread 3 ] DEBUG Engine               - class com.almasb.fxgl.io.FileSystemService
23:57:07.810 [FXGL Background Thread 3 ] DEBUG Engine               - class com.almasb.fxgl.localization.LocalizationService
23:57:07.810 [FXGL Background Thread 3 ] DEBUG Engine               - class com.almasb.fxgl.app.services.SystemBundleService
23:57:07.810 [FXGL Background Thread 3 ] DEBUG Engine               - class com.almasb.fxgl.profile.SaveLoadService
23:57:07.810 [FXGL Background Thread 3 ] DEBUG Engine               - class com.almasb.fxgl.ui.FXGLUIFactoryServiceProvider
23:57:07.810 [FXGL Background Thread 3 ] DEBUG Engine               - class com.almasb.fxgl.ui.FXGLDialogFactoryServiceProvider
23:57:07.810 [FXGL Background Thread 3 ] DEBUG Engine               - class com.almasb.fxgl.audio.AudioPlayer
23:57:07.810 [FXGL Background Thread 3 ] DEBUG Engine               - class com.almasb.fxgl.notification.impl.NotificationServiceProvider
23:57:07.810 [FXGL Background Thread 3 ] DEBUG Engine               - class com.almasb.fxgl.achievement.AchievementService
23:57:07.810 [FXGL Background Thread 3 ] DEBUG Engine               - class com.almasb.fxgl.cutscene.CutsceneService
23:57:07.811 [FXGL Background Thread 3 ] DEBUG Engine               - class com.almasb.fxgl.minigames.MiniGameService
23:57:07.811 [FXGL Background Thread 3 ] DEBUG Engine               - class com.almasb.fxgl.net.NetService
23:57:07.811 [FXGL Background Thread 3 ] DEBUG Engine               - class com.almasb.fxgl.app.services.UpdaterService
23:57:07.811 [FXGL Background Thread 3 ] DEBUG Engine               - class com.almasb.fxgl.dev.DevService
23:57:07.847 [JavaFX Application Thread] DEBUG Input                - Clearing active input actions
23:57:07.849 [JavaFX Application Thread] DEBUG Input                - Registered new binding: Move LEFT - A
23:57:07.849 [JavaFX Application Thread] DEBUG Input                - Registered new binding: Move UP - W
23:57:07.849 [JavaFX Application Thread] DEBUG Input                - Registered new binding: Move DOWN - S
23:57:07.849 [JavaFX Application Thread] DEBUG Input                - Registered new binding: Move RIGHT - D
23:57:07.851 [JavaFX Application Thread] DEBUG Input                - Registered new binding: Attack - Space
23:57:14.454 [JavaFX Application Thread] DEBUG FXGLAssetLoaderServi - Loading from file system: file:/C:/Users/W-11/IdeaProjects/deadknight/build/resources/main/assets/textures/knight_attack.png
23:57:14.485 [JavaFX Application Thread] DEBUG FXGLAssetLoaderServi - Loading from file system: file:/C:/Users/W-11/IdeaProjects/deadknight/build/resources/main/assets/textures/wave.png
23:57:14.662 [JavaFX Application Thread] WARN  GameWorld            - Attempted to remove entity which is not active
23:57:14.662 [JavaFX Application Thread] WARN  GameWorld            - Attempted to remove entity which is not active
23:57:14.978 [JavaFX Application Thread] WARN  GameWorld            - Attempted to remove entity which is not active
23:57:14.979 [JavaFX Application Thread] WARN  GameWorld            - Attempted to remove entity which is not active
23:57:15.204 [JavaFX Application Thread] WARN  GameWorld            - Attempted to remove entity which is not active
23:57:15.204 [JavaFX Application Thread] WARN  GameWorld            - Attempted to remove entity which is not active
23:57:15.220 [JavaFX Application Thread] DEBUG LoopRunner           - Stopping loop
23:57:15.222 [JavaFX Application Thread] FATAL FXGLApplication      - Uncaught Exception:
java.lang.NullPointerException: Cannot invoke "com.almasb.fxgl.entity.Entity.getPosition()" because "this.entity" is null
	at org.example.deadknight.components.EnemyComponent.updateComponent(EnemyComponent.java:78)
	at org.example.deadknight.components.EnemyComponent$1.handle(EnemyComponent.java:60)
	at javafx.animation.AnimationTimer$AnimationTimerReceiver.lambda$handle$0(AnimationTimer.java:58)
	at java.base/java.security.AccessController.doPrivileged(AccessController.java:399)
	at javafx.animation.AnimationTimer$AnimationTimerReceiver.handle(AnimationTimer.java:57)
	at com.sun.scenario.animation.AbstractPrimaryTimer.timePulseImpl(AbstractPrimaryTimer.java:356)
	at com.sun.scenario.animation.AbstractPrimaryTimer$MainLoop.run(AbstractPrimaryTimer.java:266)
	at com.sun.javafx.tk.quantum.QuantumToolkit.pulse(QuantumToolkit.java:571)
	at com.sun.javafx.tk.quantum.QuantumToolkit.pulse(QuantumToolkit.java:555)
	at com.sun.javafx.tk.quantum.QuantumToolkit.pulseFromQueue(QuantumToolkit.java:548)
	at com.sun.javafx.tk.quantum.QuantumToolkit.lambda$runToolkit$11(QuantumToolkit.java:353)
	at com.sun.glass.ui.InvokeLaterDispatcher$Future.run(InvokeLaterDispatcher.java:96)
	at com.sun.glass.ui.win.WinApplication._runLoop(Native Method)
	at com.sun.glass.ui.win.WinApplication.lambda$runLoop$3(WinApplication.java:184)
	at java.base/java.lang.Thread.run(Thread.java:842)

23:57:15.222 [JavaFX Application Thread] FATAL FXGLApplication      - Application will now exit
23:57:15.247 [JavaFX Application Thread] DEBUG PrimaryStageWindow   - Push state: ErrorSubScene
23:57:15.247 [JavaFX Application Thread] DEBUG Input                - Clearing active input actions
23:57:15.251 [JavaFX Application Thread] DEBUG GameApplicationServi - Removing overlay from GameScene and adding to ErrorSubScene
23:57:15.251 [JavaFX Application Thread] DEBUG PrimaryStageWindow   - GameScene -> ErrorSubScene
23:57:18.984 [JavaFX Application Thread] DEBUG FXGLApplication      - Exiting FXGL
23:57:18.984 [JavaFX Application Thread] DEBUG Async                - Shutting down background threads
23:57:18.984 [JavaFX Application Thread] DEBUG PrimaryStageWindow   - Closing main window
23:57:19.036 [JavaFX Application Thread] DEBUG Logger               - Closing Logger
