21:21:43.680 [main                     ] DEBUG Logger               - Configured Logger
21:21:43.723 [main                     ] DEBUG GameApplication      - Logging settings
Title: Dead KnightFactory
Version: 0.0
Width: 800
Height: 600
Fullscreen: false
Intro: false
Profiling: false
Single step:false
App Mode: DEVELOPER
Menu Key: ESCAPE
Stage Style: DECORATED
Scene Factory: class com.almasb.fxgl.app.scene.SceneFactory

21:21:44.360 [JavaFX Application Thread] DEBUG FXGLApplication      - Initializing FXGL
21:21:44.375 [JavaFX Application Thread] INFO  Engine               - FXGL-17.3 (30.03.2023 11.49) on WINDOWS (J:17.0.12 FX:17.0.6)
21:21:44.376 [JavaFX Application Thread] DEBUG Engine               - JRE Vendor Name: Oracle Corporation
21:21:44.377 [JavaFX Application Thread] DEBUG Engine               - Running on OS: Windows 11 version 10.0
21:21:44.377 [JavaFX Application Thread] DEBUG Engine               - Architecture: amd64
21:21:44.377 [JavaFX Application Thread] INFO  Engine               - Source code and latest versions at: https://github.com/AlmasB/FXGL
21:21:44.378 [JavaFX Application Thread] INFO  Engine               -       Ask questions and discuss at: https://github.com/AlmasB/FXGL/discussions
21:21:44.378 [JavaFX Application Thread] INFO  Engine               -              Join the FXGL chat at: https://gitter.im/AlmasB/FXGL
21:21:44.559 [JavaFX Application Thread] DEBUG PrimaryStageWindow   - Creating a JavaFX scene
21:21:44.615 [JavaFX Application Thread] DEBUG PrimaryStageWindow   - Target settings size: 800.0 x 600.0
21:21:44.616 [JavaFX Application Thread] DEBUG PrimaryStageWindow   - Scaled scene size:    800.0 x 600.0
21:21:44.616 [JavaFX Application Thread] DEBUG PrimaryStageWindow   - Scaled ratio: (1.0, 1.0)
21:21:44.618 [JavaFX Application Thread] DEBUG PrimaryStageWindow   - Set initial scene to FXGLStartupScene
21:21:44.629 [JavaFX Application Thread] DEBUG PrimaryStageWindow   - Opening main window
21:21:44.790 [JavaFX Application Thread] DEBUG PrimaryStageWindow   - Window border size: (16.0, 39.0)
21:21:44.790 [JavaFX Application Thread] DEBUG PrimaryStageWindow   - Scaled size: 800.0 x 600.0
21:21:44.791 [JavaFX Application Thread] DEBUG PrimaryStageWindow   - Scaled ratio: (1.0, 1.0)
21:21:44.792 [JavaFX Application Thread] DEBUG PrimaryStageWindow   - Scene size: 800.0 x 600.0
21:21:44.792 [JavaFX Application Thread] DEBUG PrimaryStageWindow   - Stage size: 816.0 x 639.0
21:21:44.808 [FXGL Background Thread 1 ] DEBUG Engine               - Initializing environment variables
21:21:44.880 [FXGL Background Thread 1 ] DEBUG FXGLAssetLoaderServi - User app class for loading assets: class org.example.deadknight.DeadKnightApp
21:21:44.881 [FXGL Background Thread 1 ] DEBUG GameApplicationServi - Applying CSS: fxgl_dark.css
21:21:44.882 [FXGL Background Thread 1 ] DEBUG FXGLAssetLoaderServi - Loading from file system: jar:file:/C:/Users/W-11/.gradle/caches/modules-2/files-2.1/com.github.almasb/fxgl/17.3/614d2b2607c97fe7b539dfa75036066a8010f74b/fxgl-17.3.jar!/fxglassets/ui/css/fxgl_dark.css
21:21:44.964 [FXGL Background Thread 1 ] DEBUG GameApplicationServi - Initializing application scenes
21:21:45.056 [FXGL Background Thread 1 ] DEBUG GameWorld            - Game world initialized
21:21:45.162 [FXGL Background Thread 1 ] DEBUG PhysicsWorld         - Physics world initialized: appHeight=600, physics.ppm=50,0
21:21:45.162 [FXGL Background Thread 1 ] DEBUG PhysicsWorld         - Using strategy: BRUTE_FORCE
21:21:45.169 [FXGL Background Thread 1 ] DEBUG GameScene            - Game scene initialized: 800x600
21:21:45.193 [FXGL Background Thread 1 ] DEBUG FXGL.DefaultMenu     - createMenuBodyGameMenu()
21:21:45.224 [FXGL Background Thread 1 ] DEBUG FXGL.DefaultMenu     - createOptionsMenu()
21:21:45.245 [FXGL Background Thread 1 ] DEBUG FXGLAssetLoaderServi - Loading from file system: jar:file:/C:/Users/W-11/.gradle/caches/modules-2/files-2.1/com.github.almasb/fxgl/17.3/614d2b2607c97fe7b539dfa75036066a8010f74b/fxgl-17.3.jar!/fxglassets/textures/particles/smoke.png
21:21:45.409 [FXGL Background Thread 1 ] DEBUG FXGLAssetLoaderServi - Loading from file system: jar:file:/C:/Users/W-11/.gradle/caches/modules-2/files-2.1/com.github.almasb/fxgl/17.3/614d2b2607c97fe7b539dfa75036066a8010f74b/fxgl-17.3.jar!/fxglassets/textures/particles/trace_horizontal.png
21:21:45.450 [FXGL Background Thread 1 ] DEBUG GameApplicationServi - Application scenes initialized
21:21:45.470 [FXGL Background Thread 1 ] DEBUG SystemBundleService  - Loading FXGL system data
21:21:45.478 [FXGL Background Thread 1 ] DEBUG FileSystemAccess     - Reading from: C:\Users\W-11\IdeaProjects\deadknight\system\fxgl.bundle
21:21:45.489 [FXGL Background Thread 1 ] DEBUG SystemBundleService  - Bundle FXGL: {}
21:21:45.490 [FXGL Background Thread 1 ] DEBUG UpdaterService       - Checking for updates
21:21:45.503 [FXGL Background Thread 4 ] DEBUG FXGLApplication      - Loading fonts
21:21:45.504 [FXGL Background Thread 4 ] DEBUG FXGLAssetLoaderServi - Loading from file system: jar:file:/C:/Users/W-11/.gradle/caches/modules-2/files-2.1/com.github.almasb/fxgl/17.3/614d2b2607c97fe7b539dfa75036066a8010f74b/fxgl-17.3.jar!/fxglassets/ui/fonts/VarelaRound-Regular.ttf
21:21:45.506 [FXGL Background Thread 1 ] DEBUG FXGLApplication      - Loading default localization
21:21:45.507 [FXGL Background Thread 1 ] DEBUG FXGLAssetLoaderServi - Loading from file system: jar:file:/C:/Users/W-11/.gradle/caches/modules-2/files-2.1/com.github.almasb/fxgl/17.3/614d2b2607c97fe7b539dfa75036066a8010f74b/fxgl-17.3.jar!/fxglassets/languages/english.lang
21:21:45.559 [FXGL Background Thread 1 ] INFO  FXGLApplication      - FXGL initialization took: 0,751 sec
21:21:45.582 [JavaFX Application Thread] DEBUG Input                - Registered new binding: Move DOWN - S
21:21:45.582 [JavaFX Application Thread] DEBUG Input                - Registered new binding: Move UP - W
21:21:45.582 [JavaFX Application Thread] DEBUG Input                - Registered new binding: Move LEFT - A
21:21:45.582 [JavaFX Application Thread] DEBUG Input                - Registered new binding: Move RIGHT - D
21:21:45.582 [JavaFX Application Thread] DEBUG Input                - Registered new binding: Shoot Wave - Space
21:21:45.584 [JavaFX Application Thread] DEBUG FXGLAssetLoaderServi - Loading from file system: jar:file:/C:/Users/W-11/.gradle/caches/modules-2/files-2.1/com.github.almasb/fxgl/17.3/614d2b2607c97fe7b539dfa75036066a8010f74b/fxgl-17.3.jar!/fxglassets/textures/fxgl_icon.png
21:21:45.623 [JavaFX Application Thread] DEBUG FXGLAssetLoaderServi - Loading from file system: jar:file:/C:/Users/W-11/.gradle/caches/modules-2/files-2.1/com.github.almasb/fxgl/17.3/614d2b2607c97fe7b539dfa75036066a8010f74b/fxgl-17.3.jar!/fxglassets/textures/fxgl_default_cursor.png
21:21:45.628 [JavaFX Application Thread] DEBUG Input                - Registered new binding: Screenshot - CTRL+8
21:21:45.630 [JavaFX Application Thread] DEBUG Input                - Registered new binding: System info dump - CTRL+9
21:21:45.632 [JavaFX Application Thread] DEBUG Input                - Registered new binding: Restart - CTRL+R
21:21:45.633 [JavaFX Application Thread] DEBUG Input                - Registered new binding: Toggle Debug Camera - CTRL+7
21:21:45.638 [FXGL Background Thread 4 ] DEBUG FXGLAssetLoaderServi - Loading from file system: jar:file:/C:/Users/W-11/.gradle/caches/modules-2/files-2.1/com.github.almasb/fxgl/17.3/614d2b2607c97fe7b539dfa75036066a8010f74b/fxgl-17.3.jar!/fxglassets/ui/fonts/Abel-Regular.ttf
21:21:45.642 [JavaFX Application Thread] DEBUG LoopRunner           - Starting loop
21:21:45.642 [JavaFX Application Thread] DEBUG LoopRunner           - Initializing JavaFX AnimationTimerLoop
21:21:45.645 [JavaFX Application Thread] DEBUG GameApplicationServi - Starting new game
21:21:45.645 [FXGL Background Thread 4 ] DEBUG FXGLAssetLoaderServi - Loading from file system: jar:file:/C:/Users/W-11/.gradle/caches/modules-2/files-2.1/com.github.almasb/fxgl/17.3/614d2b2607c97fe7b539dfa75036066a8010f74b/fxgl-17.3.jar!/fxglassets/ui/fonts/TerminalLandMono-Regular.otf
21:21:45.646 [JavaFX Application Thread] DEBUG Input                - Clearing active input actions
21:21:45.653 [FXGL Background Thread 4 ] DEBUG FXGLAssetLoaderServi - Loading from file system: jar:file:/C:/Users/W-11/.gradle/caches/modules-2/files-2.1/com.github.almasb/fxgl/17.3/614d2b2607c97fe7b539dfa75036066a8010f74b/fxgl-17.3.jar!/fxglassets/ui/fonts/Courier-Prime.ttf
21:21:45.665 [JavaFX Application Thread] DEBUG GameApplicationServi - Removing overlay from FXGLStartupScene and adding to FXGLLoadingScene
21:21:45.666 [JavaFX Application Thread] DEBUG PrimaryStageWindow   - FXGLStartupScene -> FXGLLoadingScene
21:21:45.666 [JavaFX Application Thread] DEBUG GameApplicationServi - Clearing previous game
21:21:45.666 [JavaFX Application Thread] DEBUG GameScene            - Clearing game scene
21:21:45.666 [JavaFX Application Thread] DEBUG GameWorld            - Clearing game world
21:21:45.667 [JavaFX Application Thread] DEBUG PhysicsWorld         - Clearing physics world
21:21:45.670 [FXGL Background Thread 4 ] DEBUG FXGLApplication      - Initializing game
21:21:45.680 [FXGL Background Thread 4 ] DEBUG FXGLAssetLoaderServi - Loading from file system: file:/C:/Users/W-11/IdeaProjects/deadknight/build/resources/main/assets/textures/knight_left-1.png
21:21:45.744 [JavaFX Application Thread] DEBUG FXGLApplication      - Registering font factories with UI factory
21:21:45.774 [FXGL Background Thread 4 ] DEBUG FXGLAssetLoaderServi - Loading from file system: file:/C:/Users/W-11/IdeaProjects/deadknight/build/resources/main/assets/textures/knight_left-2.png
21:21:45.816 [FXGL Background Thread 4 ] DEBUG FXGLAssetLoaderServi - Loading from file system: file:/C:/Users/W-11/IdeaProjects/deadknight/build/resources/main/assets/textures/knight_left-3.png
21:21:45.947 [FXGL Background Thread 4 ] DEBUG FXGLAssetLoaderServi - Loading from file system: file:/C:/Users/W-11/IdeaProjects/deadknight/build/resources/main/assets/textures/knight_left-4.png
21:21:45.981 [FXGL Background Thread 4 ] DEBUG FXGLAssetLoaderServi - Loading from file system: file:/C:/Users/W-11/IdeaProjects/deadknight/build/resources/main/assets/textures/knight_left-5.png
21:21:46.020 [FXGL Background Thread 4 ] DEBUG FXGLAssetLoaderServi - Loading from file system: file:/C:/Users/W-11/IdeaProjects/deadknight/build/resources/main/assets/textures/spikes.png
21:21:46.060 [FXGL Background Thread 4 ] INFO  FXGLApplication      - Game initialization took: 0,390 sec
21:21:46.072 [JavaFX Application Thread] DEBUG Input                - Clearing active input actions
21:21:46.082 [JavaFX Application Thread] DEBUG GameApplicationServi - Removing overlay from FXGLLoadingScene and adding to GameScene
21:21:46.082 [JavaFX Application Thread] DEBUG PrimaryStageWindow   - FXGLLoadingScene -> GameScene
21:21:46.561 [JavaFX Application Thread] DEBUG FXGLAssetLoaderServi - Loading from file system: file:/C:/Users/W-11/IdeaProjects/deadknight/build/resources/main/assets/textures/wave.png
21:21:46.938 [FXGL Background Thread 2 ] INFO  UpdaterService       - Your current version:  17.3
21:21:46.939 [FXGL Background Thread 2 ] INFO  UpdaterService       - Latest stable version: 21.1
21:21:48.496 [FXGL Background Thread 3 ] DEBUG Engine               - Logging environment variables
21:21:48.496 [FXGL Background Thread 3 ] DEBUG Engine               - achievements: []
21:21:48.496 [FXGL Background Thread 3 ] DEBUG Engine               - actualHeight: 600.0
21:21:48.497 [FXGL Background Thread 3 ] DEBUG Engine               - actualHeightProperty: ReadOnlyDoubleProperty [value: 600.0]
21:21:48.497 [FXGL Background Thread 3 ] DEBUG Engine               - actualWidth: 800.0
21:21:48.497 [FXGL Background Thread 3 ] DEBUG Engine               - actualWidthProperty: ReadOnlyDoubleProperty [value: 800.0]
21:21:48.497 [FXGL Background Thread 3 ] DEBUG Engine               - appIcon: fxgl_icon.png
21:21:48.497 [FXGL Background Thread 3 ] DEBUG Engine               - applicationMode: DEVELOPER
21:21:48.497 [FXGL Background Thread 3 ] DEBUG Engine               - cSSList: [fxgl_dark.css]
21:21:48.497 [FXGL Background Thread 3 ] DEBUG Engine               - collisionDetectionStrategy: BRUTE_FORCE
21:21:48.497 [FXGL Background Thread 3 ] DEBUG Engine               - configClass: Optional.empty
21:21:48.497 [FXGL Background Thread 3 ] DEBUG Engine               - credits: []
21:21:48.497 [FXGL Background Thread 3 ] DEBUG Engine               - defaultCursor: CursorInfo(imageName=fxgl_default_cursor.png, hotspotX=7.0, hotspotY=6.0)
21:21:48.499 [FXGL Background Thread 3 ] DEBUG Engine               - devBBoxColorProperty: ObjectProperty [value: 0xff0000ff]
21:21:48.499 [FXGL Background Thread 3 ] DEBUG Engine               - devEnableDebugCameraProperty: BooleanProperty [value: false]
21:21:48.499 [FXGL Background Thread 3 ] DEBUG Engine               - devSensorColorProperty: ObjectProperty [value: 0xffff00ff]
21:21:48.499 [FXGL Background Thread 3 ] DEBUG Engine               - devShowBBoxProperty: BooleanProperty [value: false]
21:21:48.499 [FXGL Background Thread 3 ] DEBUG Engine               - devShowPositionProperty: BooleanProperty [value: false]
21:21:48.499 [FXGL Background Thread 3 ] DEBUG Engine               - enabledMenuItems: []
21:21:48.499 [FXGL Background Thread 3 ] DEBUG Engine               - engineServices: [class com.almasb.fxgl.app.services.FXGLAssetLoaderService, class com.almasb.fxgl.app.FXGLApplication$GameApplicationService, class com.almasb.fxgl.app.services.FXGLDialogService, class com.almasb.fxgl.app.services.IOTaskExecutorService, class com.almasb.fxgl.io.FileSystemService, class com.almasb.fxgl.localization.LocalizationService, class com.almasb.fxgl.app.services.SystemBundleService, class com.almasb.fxgl.profile.SaveLoadService, class com.almasb.fxgl.ui.FXGLUIFactoryServiceProvider, class com.almasb.fxgl.ui.FXGLDialogFactoryServiceProvider, class com.almasb.fxgl.audio.AudioPlayer, class com.almasb.fxgl.notification.impl.NotificationServiceProvider, class com.almasb.fxgl.achievement.AchievementService, class com.almasb.fxgl.cutscene.CutsceneService, class com.almasb.fxgl.minigames.MiniGameService, class com.almasb.fxgl.net.NetService, class com.almasb.fxgl.app.services.UpdaterService, class com.almasb.fxgl.dev.DevService]
21:21:48.499 [FXGL Background Thread 3 ] DEBUG Engine               - fontGame: Abel-Regular.ttf
21:21:48.499 [FXGL Background Thread 3 ] DEBUG Engine               - fontMono: TerminalLandMono-Regular.otf
21:21:48.499 [FXGL Background Thread 3 ] DEBUG Engine               - fontSizeScaleUI: 1.0
21:21:48.500 [FXGL Background Thread 3 ] DEBUG Engine               - fontText: Courier-Prime.ttf
21:21:48.500 [FXGL Background Thread 3 ] DEBUG Engine               - fontUI: VarelaRound-Regular.ttf
21:21:48.500 [FXGL Background Thread 3 ] DEBUG Engine               - fullScreen: BooleanProperty [value: false]
21:21:48.500 [FXGL Background Thread 3 ] DEBUG Engine               - gameDifficulty: MEDIUM
21:21:48.500 [FXGL Background Thread 3 ] DEBUG Engine               - gameDifficultyProperty: ObjectProperty [value: MEDIUM]
21:21:48.500 [FXGL Background Thread 3 ] DEBUG Engine               - globalMusicVolume: 0.5
21:21:48.500 [FXGL Background Thread 3 ] DEBUG Engine               - globalMusicVolumeProperty: DoubleProperty [value: 0.5]
21:21:48.500 [FXGL Background Thread 3 ] DEBUG Engine               - globalSoundVolume: 0.5
21:21:48.500 [FXGL Background Thread 3 ] DEBUG Engine               - globalSoundVolumeProperty: DoubleProperty [value: 0.5]
21:21:48.500 [FXGL Background Thread 3 ] DEBUG Engine               - height: 600
21:21:48.500 [FXGL Background Thread 3 ] DEBUG Engine               - is3D: false
21:21:48.500 [FXGL Background Thread 3 ] DEBUG Engine               - isAndroid: false
21:21:48.500 [FXGL Background Thread 3 ] DEBUG Engine               - isBrowser: false
21:21:48.501 [FXGL Background Thread 3 ] DEBUG Engine               - isClickFeedbackEnabled: false
21:21:48.501 [FXGL Background Thread 3 ] DEBUG Engine               - isCloseConfirmation: false
21:21:48.501 [FXGL Background Thread 3 ] DEBUG Engine               - isDesktop: true
21:21:48.501 [FXGL Background Thread 3 ] DEBUG Engine               - isDeveloperMenuEnabled: false
21:21:48.501 [FXGL Background Thread 3 ] DEBUG Engine               - isEmbedded: false
21:21:48.501 [FXGL Background Thread 3 ] DEBUG Engine               - isEntityPreloadEnabled: true
21:21:48.501 [FXGL Background Thread 3 ] DEBUG Engine               - isExperimentalTiledLargeMap: false
21:21:48.501 [FXGL Background Thread 3 ] DEBUG Engine               - isFileSystemWriteAllowed: true
21:21:48.501 [FXGL Background Thread 3 ] DEBUG Engine               - isFullScreenAllowed: false
21:21:48.502 [FXGL Background Thread 3 ] DEBUG Engine               - isFullScreenFromStart: false
21:21:48.502 [FXGL Background Thread 3 ] DEBUG Engine               - isGameMenuEnabled: true
21:21:48.502 [FXGL Background Thread 3 ] DEBUG Engine               - isIOS: false
21:21:48.502 [FXGL Background Thread 3 ] DEBUG Engine               - isIntroEnabled: false
21:21:48.502 [FXGL Background Thread 3 ] DEBUG Engine               - isLinux: false
21:21:48.503 [FXGL Background Thread 3 ] DEBUG Engine               - isMac: false
21:21:48.503 [FXGL Background Thread 3 ] DEBUG Engine               - isMainMenuEnabled: false
21:21:48.503 [FXGL Background Thread 3 ] DEBUG Engine               - isManualResizeEnabled: false
21:21:48.503 [FXGL Background Thread 3 ] DEBUG Engine               - isMobile: false
21:21:48.503 [FXGL Background Thread 3 ] DEBUG Engine               - isNative: false
21:21:48.504 [FXGL Background Thread 3 ] DEBUG Engine               - isPauseMusicWhenMinimized: true
21:21:48.504 [FXGL Background Thread 3 ] DEBUG Engine               - isPreserveResizeRatio: false
21:21:48.504 [FXGL Background Thread 3 ] DEBUG Engine               - isProfilingEnabled: false
21:21:48.504 [FXGL Background Thread 3 ] DEBUG Engine               - isScaleAffectedOnResize: true
21:21:48.504 [FXGL Background Thread 3 ] DEBUG Engine               - isSingleStep: false
21:21:48.504 [FXGL Background Thread 3 ] DEBUG Engine               - isUserProfileEnabled: false
21:21:48.504 [FXGL Background Thread 3 ] DEBUG Engine               - isWindows: true
21:21:48.504 [FXGL Background Thread 3 ] DEBUG Engine               - language: ObjectProperty [value: ENGLISH]
21:21:48.504 [FXGL Background Thread 3 ] DEBUG Engine               - menuKey: ESCAPE
21:21:48.504 [FXGL Background Thread 3 ] DEBUG Engine               - mouseSensitivity: 0.2
21:21:48.504 [FXGL Background Thread 3 ] DEBUG Engine               - notificationViewClass: class com.almasb.fxgl.notification.view.XboxNotificationView
21:21:48.504 [FXGL Background Thread 3 ] DEBUG Engine               - pixelsPerMeter: 50.0
21:21:48.506 [FXGL Background Thread 3 ] DEBUG Engine               - platform: WINDOWS
21:21:48.506 [FXGL Background Thread 3 ] DEBUG Engine               - prefHeightProperty: ReadOnlyDoubleProperty [value: 600.0]
21:21:48.506 [FXGL Background Thread 3 ] DEBUG Engine               - prefWidthProperty: ReadOnlyDoubleProperty [value: 800.0]
21:21:48.506 [FXGL Background Thread 3 ] DEBUG Engine               - profileDir: profiles/
21:21:48.506 [FXGL Background Thread 3 ] DEBUG Engine               - profileName: StringProperty [value: DEFAULT]
21:21:48.506 [FXGL Background Thread 3 ] DEBUG Engine               - randomSeed: -1
21:21:48.507 [FXGL Background Thread 3 ] DEBUG Engine               - runtimeInfo: RuntimeInfo(platform=WINDOWS, version=17.3, build=30.03.2023 11.49)
21:21:48.507 [FXGL Background Thread 3 ] DEBUG Engine               - saveFileExt: sav
21:21:48.507 [FXGL Background Thread 3 ] DEBUG Engine               - scaledHeightProp$fxgl: DoubleProperty [bound, value: 600.0]
21:21:48.507 [FXGL Background Thread 3 ] DEBUG Engine               - scaledWidthProp$fxgl: DoubleProperty [bound, value: 800.0]
21:21:48.508 [FXGL Background Thread 3 ] DEBUG Engine               - sceneFactory: com.almasb.fxgl.app.scene.SceneFactory@438e17b7
21:21:48.508 [FXGL Background Thread 3 ] DEBUG Engine               - secondsIn24h: 60
21:21:48.508 [FXGL Background Thread 3 ] DEBUG Engine               - soundMenuBack: menu/back.wav
21:21:48.508 [FXGL Background Thread 3 ] DEBUG Engine               - soundMenuPress: menu/press.wav
21:21:48.508 [FXGL Background Thread 3 ] DEBUG Engine               - soundMenuSelect: menu/select.wav
21:21:48.508 [FXGL Background Thread 3 ] DEBUG Engine               - soundNotification: core/notification.wav
21:21:48.508 [FXGL Background Thread 3 ] DEBUG Engine               - stageStyle: DECORATED
21:21:48.508 [FXGL Background Thread 3 ] DEBUG Engine               - supportedLanguages: [ENGLISH, FRENCH, GERMAN, HUNGARIAN, RUSSIAN]
21:21:48.508 [FXGL Background Thread 3 ] DEBUG Engine               - ticksPerSecond: -1
21:21:48.508 [FXGL Background Thread 3 ] DEBUG Engine               - title: Dead KnightFactory
21:21:48.508 [FXGL Background Thread 3 ] DEBUG Engine               - urlGithub: https://github.com/AlmasB/FXGL
21:21:48.509 [FXGL Background Thread 3 ] DEBUG Engine               - urlLeaderboard: http://fxgl-top.herokuapp.com/
21:21:48.509 [FXGL Background Thread 3 ] DEBUG Engine               - urlPOM: https://raw.githubusercontent.com/AlmasB/FXGL/release/README.md
21:21:48.509 [FXGL Background Thread 3 ] DEBUG Engine               - userAppClass: class org.example.deadknight.DeadKnightApp
21:21:48.509 [FXGL Background Thread 3 ] DEBUG Engine               - version: 0.0
21:21:48.509 [FXGL Background Thread 3 ] DEBUG Engine               - versionCheckDays: 7
21:21:48.509 [FXGL Background Thread 3 ] DEBUG Engine               - width: 800
21:21:48.509 [FXGL Background Thread 3 ] DEBUG Engine               - Logging services
21:21:48.509 [FXGL Background Thread 3 ] DEBUG Engine               - class com.almasb.fxgl.app.services.FXGLAssetLoaderService
21:21:48.509 [FXGL Background Thread 3 ] DEBUG Engine               - class com.almasb.fxgl.app.FXGLApplication$GameApplicationService
21:21:48.510 [FXGL Background Thread 3 ] DEBUG Engine               - class com.almasb.fxgl.app.services.FXGLDialogService
21:21:48.510 [FXGL Background Thread 3 ] DEBUG Engine               - class com.almasb.fxgl.app.services.IOTaskExecutorService
21:21:48.510 [FXGL Background Thread 3 ] DEBUG Engine               - class com.almasb.fxgl.io.FileSystemService
21:21:48.510 [FXGL Background Thread 3 ] DEBUG Engine               - class com.almasb.fxgl.localization.LocalizationService
21:21:48.510 [FXGL Background Thread 3 ] DEBUG Engine               - class com.almasb.fxgl.app.services.SystemBundleService
21:21:48.510 [FXGL Background Thread 3 ] DEBUG Engine               - class com.almasb.fxgl.profile.SaveLoadService
21:21:48.510 [FXGL Background Thread 3 ] DEBUG Engine               - class com.almasb.fxgl.ui.FXGLUIFactoryServiceProvider
21:21:48.510 [FXGL Background Thread 3 ] DEBUG Engine               - class com.almasb.fxgl.ui.FXGLDialogFactoryServiceProvider
21:21:48.510 [FXGL Background Thread 3 ] DEBUG Engine               - class com.almasb.fxgl.audio.AudioPlayer
21:21:48.510 [FXGL Background Thread 3 ] DEBUG Engine               - class com.almasb.fxgl.notification.impl.NotificationServiceProvider
21:21:48.510 [FXGL Background Thread 3 ] DEBUG Engine               - class com.almasb.fxgl.achievement.AchievementService
21:21:48.510 [FXGL Background Thread 3 ] DEBUG Engine               - class com.almasb.fxgl.cutscene.CutsceneService
21:21:48.510 [FXGL Background Thread 3 ] DEBUG Engine               - class com.almasb.fxgl.minigames.MiniGameService
21:21:48.511 [FXGL Background Thread 3 ] DEBUG Engine               - class com.almasb.fxgl.net.NetService
21:21:48.511 [FXGL Background Thread 3 ] DEBUG Engine               - class com.almasb.fxgl.app.services.UpdaterService
21:21:48.511 [FXGL Background Thread 3 ] DEBUG Engine               - class com.almasb.fxgl.dev.DevService
21:22:00.745 [JavaFX Application Thread] DEBUG FXGLApplication      - Exiting FXGL
21:22:00.745 [JavaFX Application Thread] DEBUG LoopRunner           - Stopping loop
21:22:00.745 [JavaFX Application Thread] DEBUG SystemBundleService  - Saving FXGL system data
21:22:00.750 [JavaFX Application Thread] DEBUG FileSystemAccess     - Writing to: C:\Users\W-11\IdeaProjects\deadknight\system\fxgl.bundle
21:22:00.753 [JavaFX Application Thread] DEBUG Async                - Shutting down background threads
21:22:00.753 [JavaFX Application Thread] DEBUG PrimaryStageWindow   - Closing main window
21:22:00.800 [JavaFX Application Thread] DEBUG Logger               - Closing Logger
