21:31:43.640 [main                     ] DEBUG Logger               - Configured Logger
21:31:43.678 [main                     ] DEBUG GameApplication      - Logging settings
Title: Dead KnightFactory
Version: 0.0
Width: 800
Height: 600
Fullscreen: false
Intro: false
Profiling: false
Single step:false
App Mode: DEVELOPER
Menu Key: ESCAPE
Stage Style: DECORATED
Scene Factory: class com.almasb.fxgl.app.scene.SceneFactory

21:31:44.305 [JavaFX Application Thread] DEBUG FXGLApplication      - Initializing FXGL
21:31:44.315 [JavaFX Application Thread] INFO  Engine               - FXGL-17.3 (30.03.2023 11.49) on WINDOWS (J:17.0.12 FX:17.0.6)
21:31:44.315 [JavaFX Application Thread] DEBUG Engine               - JRE Vendor Name: Oracle Corporation
21:31:44.316 [JavaFX Application Thread] DEBUG Engine               - Running on OS: Windows 11 version 10.0
21:31:44.316 [JavaFX Application Thread] DEBUG Engine               - Architecture: amd64
21:31:44.316 [JavaFX Application Thread] INFO  Engine               - Source code and latest versions at: https://github.com/AlmasB/FXGL
21:31:44.316 [JavaFX Application Thread] INFO  Engine               -       Ask questions and discuss at: https://github.com/AlmasB/FXGL/discussions
21:31:44.316 [JavaFX Application Thread] INFO  Engine               -              Join the FXGL chat at: https://gitter.im/AlmasB/FXGL
21:31:44.493 [JavaFX Application Thread] DEBUG PrimaryStageWindow   - Creating a JavaFX scene
21:31:44.557 [JavaFX Application Thread] DEBUG PrimaryStageWindow   - Target settings size: 800.0 x 600.0
21:31:44.558 [JavaFX Application Thread] DEBUG PrimaryStageWindow   - Scaled scene size:    800.0 x 600.0
21:31:44.558 [JavaFX Application Thread] DEBUG PrimaryStageWindow   - Scaled ratio: (1.0, 1.0)
21:31:44.559 [JavaFX Application Thread] DEBUG PrimaryStageWindow   - Set initial scene to FXGLStartupScene
21:31:44.572 [JavaFX Application Thread] DEBUG PrimaryStageWindow   - Opening main window
21:31:44.766 [JavaFX Application Thread] DEBUG PrimaryStageWindow   - Window border size: (16.0, 39.0)
21:31:44.767 [JavaFX Application Thread] DEBUG PrimaryStageWindow   - Scaled size: 800.0 x 600.0
21:31:44.767 [JavaFX Application Thread] DEBUG PrimaryStageWindow   - Scaled ratio: (1.0, 1.0)
21:31:44.768 [JavaFX Application Thread] DEBUG PrimaryStageWindow   - Scene size: 800.0 x 600.0
21:31:44.768 [JavaFX Application Thread] DEBUG PrimaryStageWindow   - Stage size: 816.0 x 639.0
21:31:44.785 [FXGL Background Thread 1 ] DEBUG Engine               - Initializing environment variables
21:31:44.863 [FXGL Background Thread 1 ] DEBUG FXGLAssetLoaderServi - User app class for loading assets: class org.example.deadknight.DeadKnightApp
21:31:44.863 [FXGL Background Thread 1 ] DEBUG GameApplicationServi - Applying CSS: fxgl_dark.css
21:31:44.865 [FXGL Background Thread 1 ] DEBUG FXGLAssetLoaderServi - Loading from file system: jar:file:/C:/Users/W-11/.gradle/caches/modules-2/files-2.1/com.github.almasb/fxgl/17.3/614d2b2607c97fe7b539dfa75036066a8010f74b/fxgl-17.3.jar!/fxglassets/ui/css/fxgl_dark.css
21:31:44.957 [FXGL Background Thread 1 ] DEBUG GameApplicationServi - Initializing application scenes
21:31:45.035 [FXGL Background Thread 1 ] DEBUG GameWorld            - Game world initialized
21:31:45.144 [FXGL Background Thread 1 ] DEBUG PhysicsWorld         - Physics world initialized: appHeight=600, physics.ppm=50,0
21:31:45.144 [FXGL Background Thread 1 ] DEBUG PhysicsWorld         - Using strategy: BRUTE_FORCE
21:31:45.154 [FXGL Background Thread 1 ] DEBUG GameScene            - Game scene initialized: 800x600
21:31:45.178 [FXGL Background Thread 1 ] DEBUG FXGL.DefaultMenu     - createMenuBodyGameMenu()
21:31:45.206 [FXGL Background Thread 1 ] DEBUG FXGL.DefaultMenu     - createOptionsMenu()
21:31:45.224 [FXGL Background Thread 1 ] DEBUG FXGLAssetLoaderServi - Loading from file system: jar:file:/C:/Users/W-11/.gradle/caches/modules-2/files-2.1/com.github.almasb/fxgl/17.3/614d2b2607c97fe7b539dfa75036066a8010f74b/fxgl-17.3.jar!/fxglassets/textures/particles/smoke.png
21:31:45.388 [FXGL Background Thread 1 ] DEBUG FXGLAssetLoaderServi - Loading from file system: jar:file:/C:/Users/W-11/.gradle/caches/modules-2/files-2.1/com.github.almasb/fxgl/17.3/614d2b2607c97fe7b539dfa75036066a8010f74b/fxgl-17.3.jar!/fxglassets/textures/particles/trace_horizontal.png
21:31:45.441 [FXGL Background Thread 1 ] DEBUG GameApplicationServi - Application scenes initialized
21:31:45.462 [FXGL Background Thread 1 ] DEBUG SystemBundleService  - Loading FXGL system data
21:31:45.472 [FXGL Background Thread 1 ] DEBUG FileSystemAccess     - Reading from: C:\Users\W-11\IdeaProjects\deadknight\system\fxgl.bundle
21:31:45.482 [FXGL Background Thread 1 ] DEBUG SystemBundleService  - Bundle FXGL: {}
21:31:45.482 [FXGL Background Thread 1 ] DEBUG UpdaterService       - Checking for updates
21:31:45.491 [FXGL Background Thread 4 ] DEBUG FXGLApplication      - Loading fonts
21:31:45.491 [FXGL Background Thread 4 ] DEBUG FXGLAssetLoaderServi - Loading from file system: jar:file:/C:/Users/W-11/.gradle/caches/modules-2/files-2.1/com.github.almasb/fxgl/17.3/614d2b2607c97fe7b539dfa75036066a8010f74b/fxgl-17.3.jar!/fxglassets/ui/fonts/VarelaRound-Regular.ttf
21:31:45.492 [FXGL Background Thread 1 ] DEBUG FXGLApplication      - Loading default localization
21:31:45.493 [FXGL Background Thread 1 ] DEBUG FXGLAssetLoaderServi - Loading from file system: jar:file:/C:/Users/W-11/.gradle/caches/modules-2/files-2.1/com.github.almasb/fxgl/17.3/614d2b2607c97fe7b539dfa75036066a8010f74b/fxgl-17.3.jar!/fxglassets/languages/english.lang
21:31:45.543 [FXGL Background Thread 1 ] INFO  FXGLApplication      - FXGL initialization took: 0,758 sec
21:31:45.567 [JavaFX Application Thread] DEBUG Input                - Registered new binding: Move LEFT - A
21:31:45.567 [JavaFX Application Thread] DEBUG Input                - Registered new binding: Move UP - W
21:31:45.567 [JavaFX Application Thread] DEBUG Input                - Registered new binding: Move RIGHT - D
21:31:45.567 [JavaFX Application Thread] DEBUG Input                - Registered new binding: Move DOWN - S
21:31:45.568 [JavaFX Application Thread] DEBUG Input                - Registered new binding: Shoot Wave - Space
21:31:45.569 [JavaFX Application Thread] DEBUG FXGLAssetLoaderServi - Loading from file system: jar:file:/C:/Users/W-11/.gradle/caches/modules-2/files-2.1/com.github.almasb/fxgl/17.3/614d2b2607c97fe7b539dfa75036066a8010f74b/fxgl-17.3.jar!/fxglassets/textures/fxgl_icon.png
21:31:45.609 [JavaFX Application Thread] DEBUG FXGLAssetLoaderServi - Loading from file system: jar:file:/C:/Users/W-11/.gradle/caches/modules-2/files-2.1/com.github.almasb/fxgl/17.3/614d2b2607c97fe7b539dfa75036066a8010f74b/fxgl-17.3.jar!/fxglassets/textures/fxgl_default_cursor.png
21:31:45.613 [JavaFX Application Thread] DEBUG Input                - Registered new binding: Screenshot - CTRL+8
21:31:45.615 [JavaFX Application Thread] DEBUG Input                - Registered new binding: System info dump - CTRL+9
21:31:45.615 [JavaFX Application Thread] DEBUG Input                - Registered new binding: Restart - CTRL+R
21:31:45.617 [JavaFX Application Thread] DEBUG Input                - Registered new binding: Toggle Debug Camera - CTRL+7
21:31:45.623 [JavaFX Application Thread] DEBUG LoopRunner           - Starting loop
21:31:45.624 [JavaFX Application Thread] DEBUG LoopRunner           - Initializing JavaFX AnimationTimerLoop
21:31:45.627 [JavaFX Application Thread] DEBUG GameApplicationServi - Starting new game
21:31:45.628 [JavaFX Application Thread] DEBUG Input                - Clearing active input actions
21:31:45.635 [FXGL Background Thread 4 ] DEBUG FXGLAssetLoaderServi - Loading from file system: jar:file:/C:/Users/W-11/.gradle/caches/modules-2/files-2.1/com.github.almasb/fxgl/17.3/614d2b2607c97fe7b539dfa75036066a8010f74b/fxgl-17.3.jar!/fxglassets/ui/fonts/Abel-Regular.ttf
21:31:45.647 [JavaFX Application Thread] DEBUG GameApplicationServi - Removing overlay from FXGLStartupScene and adding to FXGLLoadingScene
21:31:45.648 [JavaFX Application Thread] DEBUG PrimaryStageWindow   - FXGLStartupScene -> FXGLLoadingScene
21:31:45.649 [JavaFX Application Thread] DEBUG GameApplicationServi - Clearing previous game
21:31:45.649 [JavaFX Application Thread] DEBUG GameScene            - Clearing game scene
21:31:45.649 [JavaFX Application Thread] DEBUG GameWorld            - Clearing game world
21:31:45.649 [FXGL Background Thread 4 ] DEBUG FXGLAssetLoaderServi - Loading from file system: jar:file:/C:/Users/W-11/.gradle/caches/modules-2/files-2.1/com.github.almasb/fxgl/17.3/614d2b2607c97fe7b539dfa75036066a8010f74b/fxgl-17.3.jar!/fxglassets/ui/fonts/TerminalLandMono-Regular.otf
21:31:45.649 [JavaFX Application Thread] DEBUG PhysicsWorld         - Clearing physics world
21:31:45.652 [FXGL Background Thread 1 ] DEBUG FXGLApplication      - Initializing game
21:31:45.657 [FXGL Background Thread 4 ] DEBUG FXGLAssetLoaderServi - Loading from file system: jar:file:/C:/Users/W-11/.gradle/caches/modules-2/files-2.1/com.github.almasb/fxgl/17.3/614d2b2607c97fe7b539dfa75036066a8010f74b/fxgl-17.3.jar!/fxglassets/ui/fonts/Courier-Prime.ttf
21:31:45.666 [FXGL Background Thread 1 ] DEBUG FXGLAssetLoaderServi - Loading from file system: file:/C:/Users/W-11/IdeaProjects/deadknight/build/resources/main/assets/textures/knight_left-1.png
21:31:45.726 [JavaFX Application Thread] DEBUG FXGLApplication      - Registering font factories with UI factory
21:31:45.745 [FXGL Background Thread 1 ] DEBUG FXGLAssetLoaderServi - Loading from file system: file:/C:/Users/W-11/IdeaProjects/deadknight/build/resources/main/assets/textures/knight_left-2.png
21:31:45.786 [FXGL Background Thread 1 ] DEBUG FXGLAssetLoaderServi - Loading from file system: file:/C:/Users/W-11/IdeaProjects/deadknight/build/resources/main/assets/textures/knight_left-3.png
21:31:45.941 [FXGL Background Thread 1 ] DEBUG FXGLAssetLoaderServi - Loading from file system: file:/C:/Users/W-11/IdeaProjects/deadknight/build/resources/main/assets/textures/knight_left-4.png
21:31:45.976 [FXGL Background Thread 1 ] DEBUG FXGLAssetLoaderServi - Loading from file system: file:/C:/Users/W-11/IdeaProjects/deadknight/build/resources/main/assets/textures/knight_left-5.png
21:31:46.024 [FXGL Background Thread 1 ] DEBUG FXGLAssetLoaderServi - Loading from file system: file:/C:/Users/W-11/IdeaProjects/deadknight/build/resources/main/assets/textures/spikes.png
21:31:46.071 [FXGL Background Thread 1 ] INFO  FXGLApplication      - Game initialization took: 0,420 sec
21:31:46.072 [JavaFX Application Thread] DEBUG Input                - Clearing active input actions
21:31:46.083 [JavaFX Application Thread] DEBUG GameApplicationServi - Removing overlay from FXGLLoadingScene and adding to GameScene
21:31:46.083 [JavaFX Application Thread] DEBUG PrimaryStageWindow   - FXGLLoadingScene -> GameScene
21:31:46.989 [JavaFX Application Thread] DEBUG LoopRunner           - Stopping loop
21:31:47.000 [JavaFX Application Thread] FATAL FXGLApplication      - Uncaught Exception:
java.lang.IllegalArgumentException: Component KnightEntity not found!
	at com.almasb.fxgl.entity.Entity.getComponent(Entity.java:366)
	at org.example.deadknight.controllers.KnightController$1.onActionBegin(KnightController.java:69)
	at com.almasb.fxgl.input.UserAction.begin$fxgl_core(UserAction.kt:37)
	at com.almasb.fxgl.input.Input.handlePressed(Input.kt:375)
	at com.almasb.fxgl.input.Input.onKeyEvent(Input.kt:318)
	at com.almasb.fxgl.app.PrimaryStageWindow$1$1.invoke(MainWindow.kt:308)
	at com.almasb.fxgl.app.PrimaryStageWindow$1$1.invoke(MainWindow.kt:308)
	at com.almasb.fxgl.core.fsm.StateMachine.runOnActiveStates(StateMachine.kt:69)
	at com.almasb.fxgl.app.PrimaryStageWindow$1.invoke(MainWindow.kt:308)
	at com.almasb.fxgl.app.PrimaryStageWindow$1.invoke(MainWindow.kt:306)
	at com.almasb.fxgl.app.MainWindow.addKeyHandler$lambda$1(MainWindow.kt:221)
	at com.sun.javafx.event.CompositeEventHandler$NormalEventHandlerRecord.handleBubblingEvent(CompositeEventHandler.java:247)
	at com.sun.javafx.event.CompositeEventHandler.dispatchBubblingEvent(CompositeEventHandler.java:80)
	at com.sun.javafx.event.EventHandlerManager.dispatchBubblingEvent(EventHandlerManager.java:234)
	at com.sun.javafx.event.EventHandlerManager.dispatchBubblingEvent(EventHandlerManager.java:191)
	at com.sun.javafx.event.CompositeEventDispatcher.dispatchBubblingEvent(CompositeEventDispatcher.java:59)
	at com.sun.javafx.event.BasicEventDispatcher.dispatchEvent(BasicEventDispatcher.java:58)
	at com.sun.javafx.event.EventDispatchChainImpl.dispatchEvent(EventDispatchChainImpl.java:114)
	at com.sun.javafx.event.BasicEventDispatcher.dispatchEvent(BasicEventDispatcher.java:56)
	at com.sun.javafx.event.EventDispatchChainImpl.dispatchEvent(EventDispatchChainImpl.java:114)
	at com.sun.javafx.event.EventUtil.fireEventImpl(EventUtil.java:74)
	at com.sun.javafx.event.EventUtil.fireEvent(EventUtil.java:54)
	at javafx.event.Event.fireEvent(Event.java:198)
	at javafx.scene.Scene$KeyHandler.process(Scene.java:4105)
	at javafx.scene.Scene.processKeyEvent(Scene.java:2156)
	at javafx.scene.Scene$ScenePeerListener.keyEvent(Scene.java:2630)
	at com.sun.javafx.tk.quantum.GlassViewEventHandler$KeyEventNotification.run(GlassViewEventHandler.java:218)
	at com.sun.javafx.tk.quantum.GlassViewEventHandler$KeyEventNotification.run(GlassViewEventHandler.java:150)
	at java.base/java.security.AccessController.doPrivileged(AccessController.java:399)
	at com.sun.javafx.tk.quantum.GlassViewEventHandler.lambda$handleKeyEvent$1(GlassViewEventHandler.java:250)
	at com.sun.javafx.tk.quantum.QuantumToolkit.runWithoutRenderLock(QuantumToolkit.java:424)
	at com.sun.javafx.tk.quantum.GlassViewEventHandler.handleKeyEvent(GlassViewEventHandler.java:249)
	at com.sun.glass.ui.View.handleKeyEvent(View.java:548)
	at com.sun.glass.ui.View.notifyKey(View.java:972)
	at com.sun.glass.ui.win.WinApplication._runLoop(Native Method)
	at com.sun.glass.ui.win.WinApplication.lambda$runLoop$3(WinApplication.java:184)
	at java.base/java.lang.Thread.run(Thread.java:842)

21:31:47.000 [JavaFX Application Thread] FATAL FXGLApplication      - Application will now exit
21:31:47.033 [JavaFX Application Thread] DEBUG PrimaryStageWindow   - Push state: ErrorSubScene
21:31:47.033 [JavaFX Application Thread] DEBUG Input                - Clearing active input actions
21:31:47.043 [JavaFX Application Thread] DEBUG GameApplicationServi - Removing overlay from GameScene and adding to ErrorSubScene
21:31:47.043 [JavaFX Application Thread] DEBUG PrimaryStageWindow   - GameScene -> ErrorSubScene
21:31:47.502 [JavaFX Application Thread] DEBUG FXGLApplication      - Exiting FXGL
21:31:47.502 [JavaFX Application Thread] DEBUG Async                - Shutting down background threads
21:31:47.502 [JavaFX Application Thread] DEBUG PrimaryStageWindow   - Closing main window
21:31:47.540 [JavaFX Application Thread] DEBUG Logger               - Closing Logger
